Removed Parameter Case/Package:0603 from Part R1
Removed Parameter Case/Package:0603 from Part R2
Removed Parameter Case/Package:0603 from Part R3
Removed Parameter Case/Package:0603 from Part R5
Removed Parameter Case/Package:0603 from Part R6
Removed Parameter Case/Package:0603 from Part R7
Removed Parameter Case/Package:0603 from Part R8
Removed Parameter Case/Package:0603 from Part R9
Removed Parameter Case/Package:0603 from Part R10
Removed Parameter Case/Package:0603 from Part R12
Removed Parameter Case/Package:0603 from Part R14
Removed Parameter Case/Package:0603 from Part R16
Removed Parameter Case/Package:0603 from Part R19
Removed Parameter Case/Package:0603 from Part R20
Removed Parameter Case/Package:0603 from Part R21
Removed Parameter Case/Package:0603 from Part R23
Removed Parameter Case/Package:0603 from Part R32
Removed Parameter Case/Package:0603 from Part R37
Removed Parameter Case/Package:0603 from Part R39
Removed Parameter Case/Package:0603 from Part R42
Removed Parameter Case/Package:0603 from Part R43
Removed Parameter Case/Package:0603 from Part R44
Removed Parameter Case/Package:0603 from Part R45
Removed Parameter Case/Package:0603 from Part R50
Removed Parameter Case/Package:0603 from Part R52
Removed Parameter Case Code (Imperial):0603 from Part R1
Removed Parameter Case Code (Imperial):0603 from Part R2
Removed Parameter Case Code (Imperial):0603 from Part R3
Removed Parameter Case Code (Imperial):0603 from Part R5
Removed Parameter Case Code (Imperial):0603 from Part R6
Removed Parameter Case Code (Imperial):0603 from Part R7
Removed Parameter Case Code (Imperial):0603 from Part R8
Removed Parameter Case Code (Imperial):0603 from Part R9
Removed Parameter Case Code (Imperial):0603 from Part R10
Removed Parameter Case Code (Imperial):0603 from Part R12
Removed Parameter Case Code (Imperial):0603 from Part R14
Removed Parameter Case Code (Imperial):0603 from Part R16
Removed Parameter Case Code (Imperial):0603 from Part R19
Removed Parameter Case Code (Imperial):0603 from Part R20
Removed Parameter Case Code (Imperial):0603 from Part R21
Removed Parameter Case Code (Imperial):0603 from Part R23
Removed Parameter Case Code (Imperial):0603 from Part R32
Removed Parameter Case Code (Imperial):0603 from Part R37
Removed Parameter Case Code (Imperial):0603 from Part R39
Removed Parameter Case Code (Imperial):0603 from Part R42
Removed Parameter Case Code (Imperial):0603 from Part R43
Removed Parameter Case Code (Imperial):0603 from Part R44
Removed Parameter Case Code (Imperial):0603 from Part R45
Removed Parameter Case Code (Imperial):0603 from Part R50
Removed Parameter Case Code (Imperial):0603 from Part R52
Removed Parameter Case Code (Metric):1608 from Part R1
Removed Parameter Case Code (Metric):1608 from Part R2
Removed Parameter Case Code (Metric):1608 from Part R3
Removed Parameter Case Code (Metric):1608 from Part R5
Removed Parameter Case Code (Metric):1608 from Part R6
Removed Parameter Case Code (Metric):1608 from Part R7
Removed Parameter Case Code (Metric):1608 from Part R8
Removed Parameter Case Code (Metric):1608 from Part R9
Removed Parameter Case Code (Metric):1608 from Part R10
Removed Parameter Case Code (Metric):1608 from Part R12
Removed Parameter Case Code (Metric):1608 from Part R14
Removed Parameter Case Code (Metric):1608 from Part R16
Removed Parameter Case Code (Metric):1608 from Part R19
Removed Parameter Case Code (Metric):1608 from Part R20
Removed Parameter Case Code (Metric):1608 from Part R21
Removed Parameter Case Code (Metric):1608 from Part R23
Removed Parameter Case Code (Metric):1608 from Part R32
Removed Parameter Case Code (Metric):1608 from Part R37
Removed Parameter Case Code (Metric):1608 from Part R39
Removed Parameter Case Code (Metric):1608 from Part R42
Removed Parameter Case Code (Metric):1608 from Part R43
Removed Parameter Case Code (Metric):1608 from Part R44
Removed Parameter Case Code (Metric):1608 from Part R45
Removed Parameter Case Code (Metric):1608 from Part R50
Removed Parameter Case Code (Metric):1608 from Part R52
Removed Parameter ComponentLink1Description:https://datasheet.ciiva.com/2559/pyu-rt-1-to-0-05-rohs-l-5-2559482.pdf?src-supplier=Digi-Key from Part R1
Removed Parameter ComponentLink1Description:https://datasheet.ciiva.com/2559/pyu-rt-1-to-0-05-rohs-l-5-2559482.pdf?src-supplier=Digi-Key from Part R2
Removed Parameter ComponentLink1Description:https://datasheet.ciiva.com/2559/pyu-rt-1-to-0-05-rohs-l-5-2559482.pdf?src-supplier=Digi-Key from Part R3
Removed Parameter ComponentLink1Description:https://datasheet.ciiva.com/2559/pyu-rt-1-to-0-05-rohs-l-5-2559482.pdf?src-supplier=Digi-Key from Part R5
Removed Parameter ComponentLink1Description:https://datasheet.ciiva.com/2559/pyu-rt-1-to-0-05-rohs-l-5-2559482.pdf?src-supplier=Digi-Key from Part R6
Removed Parameter ComponentLink1Description:https://datasheet.ciiva.com/2559/pyu-rt-1-to-0-05-rohs-l-5-2559482.pdf?src-supplier=Digi-Key from Part R7
Removed Parameter ComponentLink1Description:https://datasheet.ciiva.com/2559/pyu-rt-1-to-0-05-rohs-l-5-2559482.pdf?src-supplier=Digi-Key from Part R8
Removed Parameter ComponentLink1Description:https://datasheet.ciiva.com/2559/pyu-rt-1-to-0-05-rohs-l-5-2559482.pdf?src-supplier=Digi-Key from Part R9
Removed Parameter ComponentLink1Description:https://datasheet.ciiva.com/2559/pyu-rt-1-to-0-05-rohs-l-5-2559482.pdf?src-supplier=Digi-Key from Part R10
Removed Parameter ComponentLink1Description:https://datasheet.ciiva.com/2559/pyu-rt-1-to-0-05-rohs-l-5-2559482.pdf?src-supplier=Digi-Key from Part R12
Removed Parameter ComponentLink1Description:https://datasheet.ciiva.com/2559/pyu-rt-1-to-0-05-rohs-l-5-2559482.pdf?src-supplier=Digi-Key from Part R14
Removed Parameter ComponentLink1Description:https://datasheet.ciiva.com/2559/pyu-rt-1-to-0-05-rohs-l-5-2559482.pdf?src-supplier=Digi-Key from Part R16
Removed Parameter ComponentLink1Description:https://datasheet.ciiva.com/2559/pyu-rt-1-to-0-05-rohs-l-5-2559482.pdf?src-supplier=Digi-Key from Part R19
Removed Parameter ComponentLink1Description:https://datasheet.ciiva.com/2559/pyu-rt-1-to-0-05-rohs-l-5-2559482.pdf?src-supplier=Digi-Key from Part R20
Removed Parameter ComponentLink1Description:https://datasheet.ciiva.com/2559/pyu-rt-1-to-0-05-rohs-l-5-2559482.pdf?src-supplier=Digi-Key from Part R21
Removed Parameter ComponentLink1Description:https://datasheet.ciiva.com/2559/pyu-rt-1-to-0-05-rohs-l-5-2559482.pdf?src-supplier=Digi-Key from Part R23
Removed Parameter ComponentLink1Description:https://datasheet.ciiva.com/2559/pyu-rt-1-to-0-05-rohs-l-5-2559482.pdf?src-supplier=Digi-Key from Part R32
Removed Parameter ComponentLink1Description:https://datasheet.ciiva.com/2559/pyu-rt-1-to-0-05-rohs-l-5-2559482.pdf?src-supplier=Digi-Key from Part R37
Removed Parameter ComponentLink1Description:https://datasheet.ciiva.com/2559/pyu-rt-1-to-0-05-rohs-l-5-2559482.pdf?src-supplier=Digi-Key from Part R39
Removed Parameter ComponentLink1Description:https://datasheet.ciiva.com/2559/pyu-rt-1-to-0-05-rohs-l-5-2559482.pdf?src-supplier=Digi-Key from Part R42
Removed Parameter ComponentLink1Description:https://datasheet.ciiva.com/2559/pyu-rt-1-to-0-05-rohs-l-5-2559482.pdf?src-supplier=Digi-Key from Part R43
Removed Parameter ComponentLink1Description:https://datasheet.ciiva.com/2559/pyu-rt-1-to-0-05-rohs-l-5-2559482.pdf?src-supplier=Digi-Key from Part R44
Removed Parameter ComponentLink1Description:https://datasheet.ciiva.com/2559/pyu-rt-1-to-0-05-rohs-l-5-2559482.pdf?src-supplier=Digi-Key from Part R45
Removed Parameter ComponentLink1Description:https://datasheet.ciiva.com/2559/pyu-rt-1-to-0-05-rohs-l-5-2559482.pdf?src-supplier=Digi-Key from Part R50
Removed Parameter ComponentLink1Description:https://datasheet.ciiva.com/2559/pyu-rt-1-to-0-05-rohs-l-5-2559482.pdf?src-supplier=Digi-Key from Part R52
Removed Parameter ComponentLink1URL:https://datasheet.ciiva.com/2559/pyu-rt-1-to-0-05-rohs-l-5-2559482.pdf?src-supplier=Digi-Key from Part R1
Removed Parameter ComponentLink1URL:https://datasheet.ciiva.com/2559/pyu-rt-1-to-0-05-rohs-l-5-2559482.pdf?src-supplier=Digi-Key from Part R2
Removed Parameter ComponentLink1URL:https://datasheet.ciiva.com/2559/pyu-rt-1-to-0-05-rohs-l-5-2559482.pdf?src-supplier=Digi-Key from Part R3
Removed Parameter ComponentLink1URL:https://datasheet.ciiva.com/2559/pyu-rt-1-to-0-05-rohs-l-5-2559482.pdf?src-supplier=Digi-Key from Part R5
Removed Parameter ComponentLink1URL:https://datasheet.ciiva.com/2559/pyu-rt-1-to-0-05-rohs-l-5-2559482.pdf?src-supplier=Digi-Key from Part R6
Removed Parameter ComponentLink1URL:https://datasheet.ciiva.com/2559/pyu-rt-1-to-0-05-rohs-l-5-2559482.pdf?src-supplier=Digi-Key from Part R7
Removed Parameter ComponentLink1URL:https://datasheet.ciiva.com/2559/pyu-rt-1-to-0-05-rohs-l-5-2559482.pdf?src-supplier=Digi-Key from Part R8
Removed Parameter ComponentLink1URL:https://datasheet.ciiva.com/2559/pyu-rt-1-to-0-05-rohs-l-5-2559482.pdf?src-supplier=Digi-Key from Part R9
Removed Parameter ComponentLink1URL:https://datasheet.ciiva.com/2559/pyu-rt-1-to-0-05-rohs-l-5-2559482.pdf?src-supplier=Digi-Key from Part R10
Removed Parameter ComponentLink1URL:https://datasheet.ciiva.com/2559/pyu-rt-1-to-0-05-rohs-l-5-2559482.pdf?src-supplier=Digi-Key from Part R12
Removed Parameter ComponentLink1URL:https://datasheet.ciiva.com/2559/pyu-rt-1-to-0-05-rohs-l-5-2559482.pdf?src-supplier=Digi-Key from Part R14
Removed Parameter ComponentLink1URL:https://datasheet.ciiva.com/2559/pyu-rt-1-to-0-05-rohs-l-5-2559482.pdf?src-supplier=Digi-Key from Part R16
Removed Parameter ComponentLink1URL:https://datasheet.ciiva.com/2559/pyu-rt-1-to-0-05-rohs-l-5-2559482.pdf?src-supplier=Digi-Key from Part R19
Removed Parameter ComponentLink1URL:https://datasheet.ciiva.com/2559/pyu-rt-1-to-0-05-rohs-l-5-2559482.pdf?src-supplier=Digi-Key from Part R20
Removed Parameter ComponentLink1URL:https://datasheet.ciiva.com/2559/pyu-rt-1-to-0-05-rohs-l-5-2559482.pdf?src-supplier=Digi-Key from Part R21
Removed Parameter ComponentLink1URL:https://datasheet.ciiva.com/2559/pyu-rt-1-to-0-05-rohs-l-5-2559482.pdf?src-supplier=Digi-Key from Part R23
Removed Parameter ComponentLink1URL:https://datasheet.ciiva.com/2559/pyu-rt-1-to-0-05-rohs-l-5-2559482.pdf?src-supplier=Digi-Key from Part R32
Removed Parameter ComponentLink1URL:https://datasheet.ciiva.com/2559/pyu-rt-1-to-0-05-rohs-l-5-2559482.pdf?src-supplier=Digi-Key from Part R37
Removed Parameter ComponentLink1URL:https://datasheet.ciiva.com/2559/pyu-rt-1-to-0-05-rohs-l-5-2559482.pdf?src-supplier=Digi-Key from Part R39
Removed Parameter ComponentLink1URL:https://datasheet.ciiva.com/2559/pyu-rt-1-to-0-05-rohs-l-5-2559482.pdf?src-supplier=Digi-Key from Part R42
Removed Parameter ComponentLink1URL:https://datasheet.ciiva.com/2559/pyu-rt-1-to-0-05-rohs-l-5-2559482.pdf?src-supplier=Digi-Key from Part R43
Removed Parameter ComponentLink1URL:https://datasheet.ciiva.com/2559/pyu-rt-1-to-0-05-rohs-l-5-2559482.pdf?src-supplier=Digi-Key from Part R44
Removed Parameter ComponentLink1URL:https://datasheet.ciiva.com/2559/pyu-rt-1-to-0-05-rohs-l-5-2559482.pdf?src-supplier=Digi-Key from Part R45
Removed Parameter ComponentLink1URL:https://datasheet.ciiva.com/2559/pyu-rt-1-to-0-05-rohs-l-5-2559482.pdf?src-supplier=Digi-Key from Part R50
Removed Parameter ComponentLink1URL:https://datasheet.ciiva.com/2559/pyu-rt-1-to-0-05-rohs-l-5-2559482.pdf?src-supplier=Digi-Key from Part R52
Removed Parameter ComponentLink2Description:https://datasheet.ciiva.com/16745/pyu-rt-1-to-0-05-rohs-l-4-16745739.pdf?src-supplier=Future+Electronics from Part R1
Removed Parameter ComponentLink2Description:https://datasheet.ciiva.com/16745/pyu-rt-1-to-0-05-rohs-l-4-16745739.pdf?src-supplier=Future+Electronics from Part R2
Removed Parameter ComponentLink2Description:https://datasheet.ciiva.com/16745/pyu-rt-1-to-0-05-rohs-l-4-16745739.pdf?src-supplier=Future+Electronics from Part R3
Removed Parameter ComponentLink2Description:https://datasheet.ciiva.com/16745/pyu-rt-1-to-0-05-rohs-l-4-16745739.pdf?src-supplier=Future+Electronics from Part R5
Removed Parameter ComponentLink2Description:https://datasheet.ciiva.com/16745/pyu-rt-1-to-0-05-rohs-l-4-16745739.pdf?src-supplier=Future+Electronics from Part R6
Removed Parameter ComponentLink2Description:https://datasheet.ciiva.com/16745/pyu-rt-1-to-0-05-rohs-l-4-16745739.pdf?src-supplier=Future+Electronics from Part R7
Removed Parameter ComponentLink2Description:https://datasheet.ciiva.com/16745/pyu-rt-1-to-0-05-rohs-l-4-16745739.pdf?src-supplier=Future+Electronics from Part R8
Removed Parameter ComponentLink2Description:https://datasheet.ciiva.com/16745/pyu-rt-1-to-0-05-rohs-l-4-16745739.pdf?src-supplier=Future+Electronics from Part R9
Removed Parameter ComponentLink2Description:https://datasheet.ciiva.com/16745/pyu-rt-1-to-0-05-rohs-l-4-16745739.pdf?src-supplier=Future+Electronics from Part R10
Removed Parameter ComponentLink2Description:https://datasheet.ciiva.com/16745/pyu-rt-1-to-0-05-rohs-l-4-16745739.pdf?src-supplier=Future+Electronics from Part R12
Removed Parameter ComponentLink2Description:https://datasheet.ciiva.com/16745/pyu-rt-1-to-0-05-rohs-l-4-16745739.pdf?src-supplier=Future+Electronics from Part R14
Removed Parameter ComponentLink2Description:https://datasheet.ciiva.com/16745/pyu-rt-1-to-0-05-rohs-l-4-16745739.pdf?src-supplier=Future+Electronics from Part R16
Removed Parameter ComponentLink2Description:https://datasheet.ciiva.com/16745/pyu-rt-1-to-0-05-rohs-l-4-16745739.pdf?src-supplier=Future+Electronics from Part R19
Removed Parameter ComponentLink2Description:https://datasheet.ciiva.com/16745/pyu-rt-1-to-0-05-rohs-l-4-16745739.pdf?src-supplier=Future+Electronics from Part R20
Removed Parameter ComponentLink2Description:https://datasheet.ciiva.com/16745/pyu-rt-1-to-0-05-rohs-l-4-16745739.pdf?src-supplier=Future+Electronics from Part R21
Removed Parameter ComponentLink2Description:https://datasheet.ciiva.com/16745/pyu-rt-1-to-0-05-rohs-l-4-16745739.pdf?src-supplier=Future+Electronics from Part R23
Removed Parameter ComponentLink2Description:https://datasheet.ciiva.com/16745/pyu-rt-1-to-0-05-rohs-l-4-16745739.pdf?src-supplier=Future+Electronics from Part R32
Removed Parameter ComponentLink2Description:https://datasheet.ciiva.com/16745/pyu-rt-1-to-0-05-rohs-l-4-16745739.pdf?src-supplier=Future+Electronics from Part R37
Removed Parameter ComponentLink2Description:https://datasheet.ciiva.com/16745/pyu-rt-1-to-0-05-rohs-l-4-16745739.pdf?src-supplier=Future+Electronics from Part R39
Removed Parameter ComponentLink2Description:https://datasheet.ciiva.com/16745/pyu-rt-1-to-0-05-rohs-l-4-16745739.pdf?src-supplier=Future+Electronics from Part R42
Removed Parameter ComponentLink2Description:https://datasheet.ciiva.com/16745/pyu-rt-1-to-0-05-rohs-l-4-16745739.pdf?src-supplier=Future+Electronics from Part R43
Removed Parameter ComponentLink2Description:https://datasheet.ciiva.com/16745/pyu-rt-1-to-0-05-rohs-l-4-16745739.pdf?src-supplier=Future+Electronics from Part R44
Removed Parameter ComponentLink2Description:https://datasheet.ciiva.com/16745/pyu-rt-1-to-0-05-rohs-l-4-16745739.pdf?src-supplier=Future+Electronics from Part R45
Removed Parameter ComponentLink2Description:https://datasheet.ciiva.com/16745/pyu-rt-1-to-0-05-rohs-l-4-16745739.pdf?src-supplier=Future+Electronics from Part R50
Removed Parameter ComponentLink2Description:https://datasheet.ciiva.com/16745/pyu-rt-1-to-0-05-rohs-l-4-16745739.pdf?src-supplier=Future+Electronics from Part R52
Removed Parameter ComponentLink2URL:https://datasheet.ciiva.com/16745/pyu-rt-1-to-0-05-rohs-l-4-16745739.pdf?src-supplier=Future+Electronics from Part R1
Removed Parameter ComponentLink2URL:https://datasheet.ciiva.com/16745/pyu-rt-1-to-0-05-rohs-l-4-16745739.pdf?src-supplier=Future+Electronics from Part R2
Removed Parameter ComponentLink2URL:https://datasheet.ciiva.com/16745/pyu-rt-1-to-0-05-rohs-l-4-16745739.pdf?src-supplier=Future+Electronics from Part R3
Removed Parameter ComponentLink2URL:https://datasheet.ciiva.com/16745/pyu-rt-1-to-0-05-rohs-l-4-16745739.pdf?src-supplier=Future+Electronics from Part R5
Removed Parameter ComponentLink2URL:https://datasheet.ciiva.com/16745/pyu-rt-1-to-0-05-rohs-l-4-16745739.pdf?src-supplier=Future+Electronics from Part R6
Removed Parameter ComponentLink2URL:https://datasheet.ciiva.com/16745/pyu-rt-1-to-0-05-rohs-l-4-16745739.pdf?src-supplier=Future+Electronics from Part R7
Removed Parameter ComponentLink2URL:https://datasheet.ciiva.com/16745/pyu-rt-1-to-0-05-rohs-l-4-16745739.pdf?src-supplier=Future+Electronics from Part R8
Removed Parameter ComponentLink2URL:https://datasheet.ciiva.com/16745/pyu-rt-1-to-0-05-rohs-l-4-16745739.pdf?src-supplier=Future+Electronics from Part R9
Removed Parameter ComponentLink2URL:https://datasheet.ciiva.com/16745/pyu-rt-1-to-0-05-rohs-l-4-16745739.pdf?src-supplier=Future+Electronics from Part R10
Removed Parameter ComponentLink2URL:https://datasheet.ciiva.com/16745/pyu-rt-1-to-0-05-rohs-l-4-16745739.pdf?src-supplier=Future+Electronics from Part R12
Removed Parameter ComponentLink2URL:https://datasheet.ciiva.com/16745/pyu-rt-1-to-0-05-rohs-l-4-16745739.pdf?src-supplier=Future+Electronics from Part R14
Removed Parameter ComponentLink2URL:https://datasheet.ciiva.com/16745/pyu-rt-1-to-0-05-rohs-l-4-16745739.pdf?src-supplier=Future+Electronics from Part R16
Removed Parameter ComponentLink2URL:https://datasheet.ciiva.com/16745/pyu-rt-1-to-0-05-rohs-l-4-16745739.pdf?src-supplier=Future+Electronics from Part R19
Removed Parameter ComponentLink2URL:https://datasheet.ciiva.com/16745/pyu-rt-1-to-0-05-rohs-l-4-16745739.pdf?src-supplier=Future+Electronics from Part R20
Removed Parameter ComponentLink2URL:https://datasheet.ciiva.com/16745/pyu-rt-1-to-0-05-rohs-l-4-16745739.pdf?src-supplier=Future+Electronics from Part R21
Removed Parameter ComponentLink2URL:https://datasheet.ciiva.com/16745/pyu-rt-1-to-0-05-rohs-l-4-16745739.pdf?src-supplier=Future+Electronics from Part R23
Removed Parameter ComponentLink2URL:https://datasheet.ciiva.com/16745/pyu-rt-1-to-0-05-rohs-l-4-16745739.pdf?src-supplier=Future+Electronics from Part R32
Removed Parameter ComponentLink2URL:https://datasheet.ciiva.com/16745/pyu-rt-1-to-0-05-rohs-l-4-16745739.pdf?src-supplier=Future+Electronics from Part R37
Removed Parameter ComponentLink2URL:https://datasheet.ciiva.com/16745/pyu-rt-1-to-0-05-rohs-l-4-16745739.pdf?src-supplier=Future+Electronics from Part R39
Removed Parameter ComponentLink2URL:https://datasheet.ciiva.com/16745/pyu-rt-1-to-0-05-rohs-l-4-16745739.pdf?src-supplier=Future+Electronics from Part R42
Removed Parameter ComponentLink2URL:https://datasheet.ciiva.com/16745/pyu-rt-1-to-0-05-rohs-l-4-16745739.pdf?src-supplier=Future+Electronics from Part R43
Removed Parameter ComponentLink2URL:https://datasheet.ciiva.com/16745/pyu-rt-1-to-0-05-rohs-l-4-16745739.pdf?src-supplier=Future+Electronics from Part R44
Removed Parameter ComponentLink2URL:https://datasheet.ciiva.com/16745/pyu-rt-1-to-0-05-rohs-l-4-16745739.pdf?src-supplier=Future+Electronics from Part R45
Removed Parameter ComponentLink2URL:https://datasheet.ciiva.com/16745/pyu-rt-1-to-0-05-rohs-l-4-16745739.pdf?src-supplier=Future+Electronics from Part R50
Removed Parameter ComponentLink2URL:https://datasheet.ciiva.com/16745/pyu-rt-1-to-0-05-rohs-l-4-16745739.pdf?src-supplier=Future+Electronics from Part R52
Removed Parameter ComponentLink3Description:https://datasheet.ciiva.com/12694/pyu-rt-1-to-0-05-rohs-l-4-12694910.pdf?src-supplier=Mouser from Part R1
Removed Parameter ComponentLink3Description:https://datasheet.ciiva.com/12694/pyu-rt-1-to-0-05-rohs-l-4-12694910.pdf?src-supplier=Mouser from Part R2
Removed Parameter ComponentLink3Description:https://datasheet.ciiva.com/12694/pyu-rt-1-to-0-05-rohs-l-4-12694910.pdf?src-supplier=Mouser from Part R3
Removed Parameter ComponentLink3Description:https://datasheet.ciiva.com/12694/pyu-rt-1-to-0-05-rohs-l-4-12694910.pdf?src-supplier=Mouser from Part R5
Removed Parameter ComponentLink3Description:https://datasheet.ciiva.com/12694/pyu-rt-1-to-0-05-rohs-l-4-12694910.pdf?src-supplier=Mouser from Part R6
Removed Parameter ComponentLink3Description:https://datasheet.ciiva.com/12694/pyu-rt-1-to-0-05-rohs-l-4-12694910.pdf?src-supplier=Mouser from Part R7
Removed Parameter ComponentLink3Description:https://datasheet.ciiva.com/12694/pyu-rt-1-to-0-05-rohs-l-4-12694910.pdf?src-supplier=Mouser from Part R8
Removed Parameter ComponentLink3Description:https://datasheet.ciiva.com/12694/pyu-rt-1-to-0-05-rohs-l-4-12694910.pdf?src-supplier=Mouser from Part R9
Removed Parameter ComponentLink3Description:https://datasheet.ciiva.com/12694/pyu-rt-1-to-0-05-rohs-l-4-12694910.pdf?src-supplier=Mouser from Part R10
Removed Parameter ComponentLink3Description:https://datasheet.ciiva.com/12694/pyu-rt-1-to-0-05-rohs-l-4-12694910.pdf?src-supplier=Mouser from Part R12
Removed Parameter ComponentLink3Description:https://datasheet.ciiva.com/12694/pyu-rt-1-to-0-05-rohs-l-4-12694910.pdf?src-supplier=Mouser from Part R14
Removed Parameter ComponentLink3Description:https://datasheet.ciiva.com/12694/pyu-rt-1-to-0-05-rohs-l-4-12694910.pdf?src-supplier=Mouser from Part R16
Removed Parameter ComponentLink3Description:https://datasheet.ciiva.com/12694/pyu-rt-1-to-0-05-rohs-l-4-12694910.pdf?src-supplier=Mouser from Part R19
Removed Parameter ComponentLink3Description:https://datasheet.ciiva.com/12694/pyu-rt-1-to-0-05-rohs-l-4-12694910.pdf?src-supplier=Mouser from Part R20
Removed Parameter ComponentLink3Description:https://datasheet.ciiva.com/12694/pyu-rt-1-to-0-05-rohs-l-4-12694910.pdf?src-supplier=Mouser from Part R21
Removed Parameter ComponentLink3Description:https://datasheet.ciiva.com/12694/pyu-rt-1-to-0-05-rohs-l-4-12694910.pdf?src-supplier=Mouser from Part R23
Removed Parameter ComponentLink3Description:https://datasheet.ciiva.com/12694/pyu-rt-1-to-0-05-rohs-l-4-12694910.pdf?src-supplier=Mouser from Part R32
Removed Parameter ComponentLink3Description:https://datasheet.ciiva.com/12694/pyu-rt-1-to-0-05-rohs-l-4-12694910.pdf?src-supplier=Mouser from Part R37
Removed Parameter ComponentLink3Description:https://datasheet.ciiva.com/12694/pyu-rt-1-to-0-05-rohs-l-4-12694910.pdf?src-supplier=Mouser from Part R39
Removed Parameter ComponentLink3Description:https://datasheet.ciiva.com/12694/pyu-rt-1-to-0-05-rohs-l-4-12694910.pdf?src-supplier=Mouser from Part R42
Removed Parameter ComponentLink3Description:https://datasheet.ciiva.com/12694/pyu-rt-1-to-0-05-rohs-l-4-12694910.pdf?src-supplier=Mouser from Part R43
Removed Parameter ComponentLink3Description:https://datasheet.ciiva.com/12694/pyu-rt-1-to-0-05-rohs-l-4-12694910.pdf?src-supplier=Mouser from Part R44
Removed Parameter ComponentLink3Description:https://datasheet.ciiva.com/12694/pyu-rt-1-to-0-05-rohs-l-4-12694910.pdf?src-supplier=Mouser from Part R45
Removed Parameter ComponentLink3Description:https://datasheet.ciiva.com/12694/pyu-rt-1-to-0-05-rohs-l-4-12694910.pdf?src-supplier=Mouser from Part R50
Removed Parameter ComponentLink3Description:https://datasheet.ciiva.com/12694/pyu-rt-1-to-0-05-rohs-l-4-12694910.pdf?src-supplier=Mouser from Part R52
Removed Parameter ComponentLink3URL:https://datasheet.ciiva.com/12694/pyu-rt-1-to-0-05-rohs-l-4-12694910.pdf?src-supplier=Mouser from Part R1
Removed Parameter ComponentLink3URL:https://datasheet.ciiva.com/12694/pyu-rt-1-to-0-05-rohs-l-4-12694910.pdf?src-supplier=Mouser from Part R2
Removed Parameter ComponentLink3URL:https://datasheet.ciiva.com/12694/pyu-rt-1-to-0-05-rohs-l-4-12694910.pdf?src-supplier=Mouser from Part R3
Removed Parameter ComponentLink3URL:https://datasheet.ciiva.com/12694/pyu-rt-1-to-0-05-rohs-l-4-12694910.pdf?src-supplier=Mouser from Part R5
Removed Parameter ComponentLink3URL:https://datasheet.ciiva.com/12694/pyu-rt-1-to-0-05-rohs-l-4-12694910.pdf?src-supplier=Mouser from Part R6
Removed Parameter ComponentLink3URL:https://datasheet.ciiva.com/12694/pyu-rt-1-to-0-05-rohs-l-4-12694910.pdf?src-supplier=Mouser from Part R7
Removed Parameter ComponentLink3URL:https://datasheet.ciiva.com/12694/pyu-rt-1-to-0-05-rohs-l-4-12694910.pdf?src-supplier=Mouser from Part R8
Removed Parameter ComponentLink3URL:https://datasheet.ciiva.com/12694/pyu-rt-1-to-0-05-rohs-l-4-12694910.pdf?src-supplier=Mouser from Part R9
Removed Parameter ComponentLink3URL:https://datasheet.ciiva.com/12694/pyu-rt-1-to-0-05-rohs-l-4-12694910.pdf?src-supplier=Mouser from Part R10
Removed Parameter ComponentLink3URL:https://datasheet.ciiva.com/12694/pyu-rt-1-to-0-05-rohs-l-4-12694910.pdf?src-supplier=Mouser from Part R12
Removed Parameter ComponentLink3URL:https://datasheet.ciiva.com/12694/pyu-rt-1-to-0-05-rohs-l-4-12694910.pdf?src-supplier=Mouser from Part R14
Removed Parameter ComponentLink3URL:https://datasheet.ciiva.com/12694/pyu-rt-1-to-0-05-rohs-l-4-12694910.pdf?src-supplier=Mouser from Part R16
Removed Parameter ComponentLink3URL:https://datasheet.ciiva.com/12694/pyu-rt-1-to-0-05-rohs-l-4-12694910.pdf?src-supplier=Mouser from Part R19
Removed Parameter ComponentLink3URL:https://datasheet.ciiva.com/12694/pyu-rt-1-to-0-05-rohs-l-4-12694910.pdf?src-supplier=Mouser from Part R20
Removed Parameter ComponentLink3URL:https://datasheet.ciiva.com/12694/pyu-rt-1-to-0-05-rohs-l-4-12694910.pdf?src-supplier=Mouser from Part R21
Removed Parameter ComponentLink3URL:https://datasheet.ciiva.com/12694/pyu-rt-1-to-0-05-rohs-l-4-12694910.pdf?src-supplier=Mouser from Part R23
Removed Parameter ComponentLink3URL:https://datasheet.ciiva.com/12694/pyu-rt-1-to-0-05-rohs-l-4-12694910.pdf?src-supplier=Mouser from Part R32
Removed Parameter ComponentLink3URL:https://datasheet.ciiva.com/12694/pyu-rt-1-to-0-05-rohs-l-4-12694910.pdf?src-supplier=Mouser from Part R37
Removed Parameter ComponentLink3URL:https://datasheet.ciiva.com/12694/pyu-rt-1-to-0-05-rohs-l-4-12694910.pdf?src-supplier=Mouser from Part R39
Removed Parameter ComponentLink3URL:https://datasheet.ciiva.com/12694/pyu-rt-1-to-0-05-rohs-l-4-12694910.pdf?src-supplier=Mouser from Part R42
Removed Parameter ComponentLink3URL:https://datasheet.ciiva.com/12694/pyu-rt-1-to-0-05-rohs-l-4-12694910.pdf?src-supplier=Mouser from Part R43
Removed Parameter ComponentLink3URL:https://datasheet.ciiva.com/12694/pyu-rt-1-to-0-05-rohs-l-4-12694910.pdf?src-supplier=Mouser from Part R44
Removed Parameter ComponentLink3URL:https://datasheet.ciiva.com/12694/pyu-rt-1-to-0-05-rohs-l-4-12694910.pdf?src-supplier=Mouser from Part R45
Removed Parameter ComponentLink3URL:https://datasheet.ciiva.com/12694/pyu-rt-1-to-0-05-rohs-l-4-12694910.pdf?src-supplier=Mouser from Part R50
Removed Parameter ComponentLink3URL:https://datasheet.ciiva.com/12694/pyu-rt-1-to-0-05-rohs-l-4-12694910.pdf?src-supplier=Mouser from Part R52
Removed Parameter Contact Plating:Tin from Part R1
Removed Parameter Contact Plating:Tin from Part R2
Removed Parameter Contact Plating:Tin from Part R3
Removed Parameter Contact Plating:Tin from Part R5
Removed Parameter Contact Plating:Tin from Part R6
Removed Parameter Contact Plating:Tin from Part R7
Removed Parameter Contact Plating:Tin from Part R8
Removed Parameter Contact Plating:Tin from Part R9
Removed Parameter Contact Plating:Tin from Part R10
Removed Parameter Contact Plating:Tin from Part R12
Removed Parameter Contact Plating:Tin from Part R14
Removed Parameter Contact Plating:Tin from Part R16
Removed Parameter Contact Plating:Tin from Part R19
Removed Parameter Contact Plating:Tin from Part R20
Removed Parameter Contact Plating:Tin from Part R21
Removed Parameter Contact Plating:Tin from Part R23
Removed Parameter Contact Plating:Tin from Part R32
Removed Parameter Contact Plating:Tin from Part R37
Removed Parameter Contact Plating:Tin from Part R39
Removed Parameter Contact Plating:Tin from Part R42
Removed Parameter Contact Plating:Tin from Part R43
Removed Parameter Contact Plating:Tin from Part R44
Removed Parameter Contact Plating:Tin from Part R45
Removed Parameter Contact Plating:Tin from Part R50
Removed Parameter Contact Plating:Tin from Part R52
Removed Parameter Depth:0.8mm from Part R1
Removed Parameter Depth:0.8mm from Part R2
Removed Parameter Depth:0.8mm from Part R3
Removed Parameter Depth:0.8mm from Part R5
Removed Parameter Depth:0.8mm from Part R6
Removed Parameter Depth:0.8mm from Part R7
Removed Parameter Depth:0.8mm from Part R8
Removed Parameter Depth:0.8mm from Part R9
Removed Parameter Depth:0.8mm from Part R10
Removed Parameter Depth:0.8mm from Part R12
Removed Parameter Depth:0.8mm from Part R14
Removed Parameter Depth:0.8mm from Part R16
Removed Parameter Depth:0.8mm from Part R19
Removed Parameter Depth:0.8mm from Part R20
Removed Parameter Depth:0.8mm from Part R21
Removed Parameter Depth:0.8mm from Part R23
Removed Parameter Depth:0.8mm from Part R32
Removed Parameter Depth:0.8mm from Part R37
Removed Parameter Depth:0.8mm from Part R39
Removed Parameter Depth:0.8mm from Part R42
Removed Parameter Depth:0.8mm from Part R43
Removed Parameter Depth:0.8mm from Part R44
Removed Parameter Depth:0.8mm from Part R45
Removed Parameter Depth:0.8mm from Part R50
Removed Parameter Depth:0.8mm from Part R52
Removed Parameter Design Item ID:Res 0603 10K 1% from Part R1
Removed Parameter Design Item ID:Res 0603 10K 1% from Part R2
Removed Parameter Design Item ID:Res 0603 10K 1% from Part R3
Removed Parameter Design Item ID:Res 0603 10K 1% from Part R5
Removed Parameter Design Item ID:Res 0603 10K 1% from Part R6
Removed Parameter Design Item ID:Res 0603 10K 1% from Part R7
Removed Parameter Design Item ID:Res 0603 10K 1% from Part R8
Removed Parameter Design Item ID:Res 0603 10K 1% from Part R9
Removed Parameter Design Item ID:Res 0603 10K 1% from Part R10
Removed Parameter Design Item ID:Res 0603 10K 1% from Part R12
Removed Parameter Design Item ID:Res 0603 10K 1% from Part R14
Removed Parameter Design Item ID:Res 0603 10K 1% from Part R16
Removed Parameter Design Item ID:Res 0603 10K 1% from Part R19
Removed Parameter Design Item ID:Res 0603 10K 1% from Part R20
Removed Parameter Design Item ID:Res 0603 10K 1% from Part R21
Removed Parameter Design Item ID:Res 0603 10K 1% from Part R23
Removed Parameter Design Item ID:Res 0603 10K 1% from Part R32
Removed Parameter Design Item ID:Res 0603 10K 1% from Part R37
Removed Parameter Design Item ID:Res 0603 10K 1% from Part R39
Removed Parameter Design Item ID:Res 0603 10K 1% from Part R42
Removed Parameter Design Item ID:Res 0603 10K 1% from Part R43
Removed Parameter Design Item ID:Res 0603 10K 1% from Part R44
Removed Parameter Design Item ID:Res 0603 10K 1% from Part R45
Removed Parameter Design Item ID:Res 0603 10K 1% from Part R50
Removed Parameter Design Item ID:Res 0603 10K 1% from Part R52
Removed Parameter Features:Moisture Resistant from Part R1
Removed Parameter Features:Moisture Resistant from Part R2
Removed Parameter Features:Moisture Resistant from Part R3
Removed Parameter Features:Moisture Resistant from Part R5
Removed Parameter Features:Moisture Resistant from Part R6
Removed Parameter Features:Moisture Resistant from Part R7
Removed Parameter Features:Moisture Resistant from Part R8
Removed Parameter Features:Moisture Resistant from Part R9
Removed Parameter Features:Moisture Resistant from Part R10
Removed Parameter Features:Moisture Resistant from Part R12
Removed Parameter Features:Moisture Resistant from Part R14
Removed Parameter Features:Moisture Resistant from Part R16
Removed Parameter Features:Moisture Resistant from Part R19
Removed Parameter Features:Moisture Resistant from Part R20
Removed Parameter Features:Moisture Resistant from Part R21
Removed Parameter Features:Moisture Resistant from Part R23
Removed Parameter Features:Moisture Resistant from Part R32
Removed Parameter Features:Moisture Resistant from Part R37
Removed Parameter Features:Moisture Resistant from Part R39
Removed Parameter Features:Moisture Resistant from Part R42
Removed Parameter Features:Moisture Resistant from Part R43
Removed Parameter Features:Moisture Resistant from Part R44
Removed Parameter Features:Moisture Resistant from Part R45
Removed Parameter Features:Moisture Resistant from Part R50
Removed Parameter Features:Moisture Resistant from Part R52
Removed Parameter Height:0.022inch from Part R1
Removed Parameter Height:0.022inch from Part R2
Removed Parameter Height:0.022inch from Part R3
Removed Parameter Height:0.022inch from Part R5
Removed Parameter Height:0.022inch from Part R6
Removed Parameter Height:0.022inch from Part R7
Removed Parameter Height:0.022inch from Part R8
Removed Parameter Height:0.022inch from Part R9
Removed Parameter Height:0.022inch from Part R10
Removed Parameter Height:0.022inch from Part R12
Removed Parameter Height:0.022inch from Part R14
Removed Parameter Height:0.022inch from Part R16
Removed Parameter Height:0.022inch from Part R19
Removed Parameter Height:0.022inch from Part R20
Removed Parameter Height:0.022inch from Part R21
Removed Parameter Height:0.022inch from Part R23
Removed Parameter Height:0.022inch from Part R32
Removed Parameter Height:0.022inch from Part R37
Removed Parameter Height:0.022inch from Part R39
Removed Parameter Height:0.022inch from Part R42
Removed Parameter Height:0.022inch from Part R43
Removed Parameter Height:0.022inch from Part R44
Removed Parameter Height:0.022inch from Part R45
Removed Parameter Height:0.022inch from Part R50
Removed Parameter Height:0.022inch from Part R52
Removed Parameter LatestRevisionDate:17-Jul-2002 from Part R1
Removed Parameter LatestRevisionDate:17-Jul-2002 from Part R2
Removed Parameter LatestRevisionDate:17-Jul-2002 from Part R3
Removed Parameter LatestRevisionDate:17-Jul-2002 from Part R5
Removed Parameter LatestRevisionDate:17-Jul-2002 from Part R6
Removed Parameter LatestRevisionDate:17-Jul-2002 from Part R7
Removed Parameter LatestRevisionDate:17-Jul-2002 from Part R8
Removed Parameter LatestRevisionDate:17-Jul-2002 from Part R9
Removed Parameter LatestRevisionDate:17-Jul-2002 from Part R10
Removed Parameter LatestRevisionDate:17-Jul-2002 from Part R12
Removed Parameter LatestRevisionDate:17-Jul-2002 from Part R14
Removed Parameter LatestRevisionDate:17-Jul-2002 from Part R16
Removed Parameter LatestRevisionDate:17-Jul-2002 from Part R19
Removed Parameter LatestRevisionDate:17-Jul-2002 from Part R20
Removed Parameter LatestRevisionDate:17-Jul-2002 from Part R21
Removed Parameter LatestRevisionDate:17-Jul-2002 from Part R23
Removed Parameter LatestRevisionDate:17-Jul-2002 from Part R32
Removed Parameter LatestRevisionDate:17-Jul-2002 from Part R37
Removed Parameter LatestRevisionDate:17-Jul-2002 from Part R39
Removed Parameter LatestRevisionDate:17-Jul-2002 from Part R42
Removed Parameter LatestRevisionDate:17-Jul-2002 from Part R43
Removed Parameter LatestRevisionDate:17-Jul-2002 from Part R44
Removed Parameter LatestRevisionDate:17-Jul-2002 from Part R45
Removed Parameter LatestRevisionDate:17-Jul-2002 from Part R50
Removed Parameter LatestRevisionDate:17-Jul-2002 from Part R52
Removed Parameter LatestRevisionNote:Re-released for DXP Platform. from Part R1
Removed Parameter LatestRevisionNote:Re-released for DXP Platform. from Part R2
Removed Parameter LatestRevisionNote:Re-released for DXP Platform. from Part R3
Removed Parameter LatestRevisionNote:Re-released for DXP Platform. from Part R5
Removed Parameter LatestRevisionNote:Re-released for DXP Platform. from Part R6
Removed Parameter LatestRevisionNote:Re-released for DXP Platform. from Part R7
Removed Parameter LatestRevisionNote:Re-released for DXP Platform. from Part R8
Removed Parameter LatestRevisionNote:Re-released for DXP Platform. from Part R9
Removed Parameter LatestRevisionNote:Re-released for DXP Platform. from Part R10
Removed Parameter LatestRevisionNote:Re-released for DXP Platform. from Part R12
Removed Parameter LatestRevisionNote:Re-released for DXP Platform. from Part R14
Removed Parameter LatestRevisionNote:Re-released for DXP Platform. from Part R16
Removed Parameter LatestRevisionNote:Re-released for DXP Platform. from Part R19
Removed Parameter LatestRevisionNote:Re-released for DXP Platform. from Part R20
Removed Parameter LatestRevisionNote:Re-released for DXP Platform. from Part R21
Removed Parameter LatestRevisionNote:Re-released for DXP Platform. from Part R23
Removed Parameter LatestRevisionNote:Re-released for DXP Platform. from Part R32
Removed Parameter LatestRevisionNote:Re-released for DXP Platform. from Part R37
Removed Parameter LatestRevisionNote:Re-released for DXP Platform. from Part R39
Removed Parameter LatestRevisionNote:Re-released for DXP Platform. from Part R42
Removed Parameter LatestRevisionNote:Re-released for DXP Platform. from Part R43
Removed Parameter LatestRevisionNote:Re-released for DXP Platform. from Part R44
Removed Parameter LatestRevisionNote:Re-released for DXP Platform. from Part R45
Removed Parameter LatestRevisionNote:Re-released for DXP Platform. from Part R50
Removed Parameter LatestRevisionNote:Re-released for DXP Platform. from Part R52
Removed Parameter Lead Free:Lead Free from Part R1
Removed Parameter Lead Free:Lead Free from Part R2
Removed Parameter Lead Free:Lead Free from Part R3
Removed Parameter Lead Free:Lead Free from Part R5
Removed Parameter Lead Free:Lead Free from Part R6
Removed Parameter Lead Free:Lead Free from Part R7
Removed Parameter Lead Free:Lead Free from Part R8
Removed Parameter Lead Free:Lead Free from Part R9
Removed Parameter Lead Free:Lead Free from Part R10
Removed Parameter Lead Free:Lead Free from Part R12
Removed Parameter Lead Free:Lead Free from Part R14
Removed Parameter Lead Free:Lead Free from Part R16
Removed Parameter Lead Free:Lead Free from Part R19
Removed Parameter Lead Free:Lead Free from Part R20
Removed Parameter Lead Free:Lead Free from Part R21
Removed Parameter Lead Free:Lead Free from Part R23
Removed Parameter Lead Free:Lead Free from Part R32
Removed Parameter Lead Free:Lead Free from Part R37
Removed Parameter Lead Free:Lead Free from Part R39
Removed Parameter Lead Free:Lead Free from Part R42
Removed Parameter Lead Free:Lead Free from Part R43
Removed Parameter Lead Free:Lead Free from Part R44
Removed Parameter Lead Free:Lead Free from Part R45
Removed Parameter Lead Free:Lead Free from Part R50
Removed Parameter Lead Free:Lead Free from Part R52
Removed Parameter Length:0.063inch from Part R1
Removed Parameter Length:0.063inch from Part R2
Removed Parameter Length:0.063inch from Part R3
Removed Parameter Length:0.063inch from Part R5
Removed Parameter Length:0.063inch from Part R6
Removed Parameter Length:0.063inch from Part R7
Removed Parameter Length:0.063inch from Part R8
Removed Parameter Length:0.063inch from Part R9
Removed Parameter Length:0.063inch from Part R10
Removed Parameter Length:0.063inch from Part R12
Removed Parameter Length:0.063inch from Part R14
Removed Parameter Length:0.063inch from Part R16
Removed Parameter Length:0.063inch from Part R19
Removed Parameter Length:0.063inch from Part R20
Removed Parameter Length:0.063inch from Part R21
Removed Parameter Length:0.063inch from Part R23
Removed Parameter Length:0.063inch from Part R32
Removed Parameter Length:0.063inch from Part R37
Removed Parameter Length:0.063inch from Part R39
Removed Parameter Length:0.063inch from Part R42
Removed Parameter Length:0.063inch from Part R43
Removed Parameter Length:0.063inch from Part R44
Removed Parameter Length:0.063inch from Part R45
Removed Parameter Length:0.063inch from Part R50
Removed Parameter Length:0.063inch from Part R52
Removed Parameter Max Operating Temperature:125°C from Part R1
Removed Parameter Max Operating Temperature:125°C from Part R2
Removed Parameter Max Operating Temperature:125°C from Part R3
Removed Parameter Max Operating Temperature:125°C from Part R5
Removed Parameter Max Operating Temperature:125°C from Part R6
Removed Parameter Max Operating Temperature:125°C from Part R7
Removed Parameter Max Operating Temperature:125°C from Part R8
Removed Parameter Max Operating Temperature:125°C from Part R9
Removed Parameter Max Operating Temperature:125°C from Part R10
Removed Parameter Max Operating Temperature:125°C from Part R12
Removed Parameter Max Operating Temperature:125°C from Part R14
Removed Parameter Max Operating Temperature:125°C from Part R16
Removed Parameter Max Operating Temperature:125°C from Part R19
Removed Parameter Max Operating Temperature:125°C from Part R20
Removed Parameter Max Operating Temperature:125°C from Part R21
Removed Parameter Max Operating Temperature:125°C from Part R23
Removed Parameter Max Operating Temperature:125°C from Part R32
Removed Parameter Max Operating Temperature:125°C from Part R37
Removed Parameter Max Operating Temperature:125°C from Part R39
Removed Parameter Max Operating Temperature:125°C from Part R42
Removed Parameter Max Operating Temperature:125°C from Part R43
Removed Parameter Max Operating Temperature:125°C from Part R44
Removed Parameter Max Operating Temperature:125°C from Part R45
Removed Parameter Max Operating Temperature:125°C from Part R50
Removed Parameter Max Operating Temperature:125°C from Part R52
Removed Parameter Max Power Dissipation:100mW from Part R1
Removed Parameter Max Power Dissipation:100mW from Part R2
Removed Parameter Max Power Dissipation:100mW from Part R3
Removed Parameter Max Power Dissipation:100mW from Part R5
Removed Parameter Max Power Dissipation:100mW from Part R6
Removed Parameter Max Power Dissipation:100mW from Part R7
Removed Parameter Max Power Dissipation:100mW from Part R8
Removed Parameter Max Power Dissipation:100mW from Part R9
Removed Parameter Max Power Dissipation:100mW from Part R10
Removed Parameter Max Power Dissipation:100mW from Part R12
Removed Parameter Max Power Dissipation:100mW from Part R14
Removed Parameter Max Power Dissipation:100mW from Part R16
Removed Parameter Max Power Dissipation:100mW from Part R19
Removed Parameter Max Power Dissipation:100mW from Part R20
Removed Parameter Max Power Dissipation:100mW from Part R21
Removed Parameter Max Power Dissipation:100mW from Part R23
Removed Parameter Max Power Dissipation:100mW from Part R32
Removed Parameter Max Power Dissipation:100mW from Part R37
Removed Parameter Max Power Dissipation:100mW from Part R39
Removed Parameter Max Power Dissipation:100mW from Part R42
Removed Parameter Max Power Dissipation:100mW from Part R43
Removed Parameter Max Power Dissipation:100mW from Part R44
Removed Parameter Max Power Dissipation:100mW from Part R45
Removed Parameter Max Power Dissipation:100mW from Part R50
Removed Parameter Max Power Dissipation:100mW from Part R52
Removed Parameter Military Standard:Not from Part R1
Removed Parameter Military Standard:Not from Part R2
Removed Parameter Military Standard:Not from Part R3
Removed Parameter Military Standard:Not from Part R5
Removed Parameter Military Standard:Not from Part R6
Removed Parameter Military Standard:Not from Part R7
Removed Parameter Military Standard:Not from Part R8
Removed Parameter Military Standard:Not from Part R9
Removed Parameter Military Standard:Not from Part R10
Removed Parameter Military Standard:Not from Part R12
Removed Parameter Military Standard:Not from Part R14
Removed Parameter Military Standard:Not from Part R16
Removed Parameter Military Standard:Not from Part R19
Removed Parameter Military Standard:Not from Part R20
Removed Parameter Military Standard:Not from Part R21
Removed Parameter Military Standard:Not from Part R23
Removed Parameter Military Standard:Not from Part R32
Removed Parameter Military Standard:Not from Part R37
Removed Parameter Military Standard:Not from Part R39
Removed Parameter Military Standard:Not from Part R42
Removed Parameter Military Standard:Not from Part R43
Removed Parameter Military Standard:Not from Part R44
Removed Parameter Military Standard:Not from Part R45
Removed Parameter Military Standard:Not from Part R50
Removed Parameter Military Standard:Not from Part R52
Removed Parameter Min Operating Temperature:-55°C from Part R1
Removed Parameter Min Operating Temperature:-55°C from Part R2
Removed Parameter Min Operating Temperature:-55°C from Part R3
Removed Parameter Min Operating Temperature:-55°C from Part R5
Removed Parameter Min Operating Temperature:-55°C from Part R6
Removed Parameter Min Operating Temperature:-55°C from Part R7
Removed Parameter Min Operating Temperature:-55°C from Part R8
Removed Parameter Min Operating Temperature:-55°C from Part R9
Removed Parameter Min Operating Temperature:-55°C from Part R10
Removed Parameter Min Operating Temperature:-55°C from Part R12
Removed Parameter Min Operating Temperature:-55°C from Part R14
Removed Parameter Min Operating Temperature:-55°C from Part R16
Removed Parameter Min Operating Temperature:-55°C from Part R19
Removed Parameter Min Operating Temperature:-55°C from Part R20
Removed Parameter Min Operating Temperature:-55°C from Part R21
Removed Parameter Min Operating Temperature:-55°C from Part R23
Removed Parameter Min Operating Temperature:-55°C from Part R32
Removed Parameter Min Operating Temperature:-55°C from Part R37
Removed Parameter Min Operating Temperature:-55°C from Part R39
Removed Parameter Min Operating Temperature:-55°C from Part R42
Removed Parameter Min Operating Temperature:-55°C from Part R43
Removed Parameter Min Operating Temperature:-55°C from Part R44
Removed Parameter Min Operating Temperature:-55°C from Part R45
Removed Parameter Min Operating Temperature:-55°C from Part R50
Removed Parameter Min Operating Temperature:-55°C from Part R52
Removed Parameter Number of Pins:2 from Part R1
Removed Parameter Number of Pins:2 from Part R2
Removed Parameter Number of Pins:2 from Part R3
Removed Parameter Number of Pins:2 from Part R5
Removed Parameter Number of Pins:2 from Part R6
Removed Parameter Number of Pins:2 from Part R7
Removed Parameter Number of Pins:2 from Part R8
Removed Parameter Number of Pins:2 from Part R9
Removed Parameter Number of Pins:2 from Part R10
Removed Parameter Number of Pins:2 from Part R12
Removed Parameter Number of Pins:2 from Part R14
Removed Parameter Number of Pins:2 from Part R16
Removed Parameter Number of Pins:2 from Part R19
Removed Parameter Number of Pins:2 from Part R20
Removed Parameter Number of Pins:2 from Part R21
Removed Parameter Number of Pins:2 from Part R23
Removed Parameter Number of Pins:2 from Part R32
Removed Parameter Number of Pins:2 from Part R37
Removed Parameter Number of Pins:2 from Part R39
Removed Parameter Number of Pins:2 from Part R42
Removed Parameter Number of Pins:2 from Part R43
Removed Parameter Number of Pins:2 from Part R44
Removed Parameter Number of Pins:2 from Part R45
Removed Parameter Number of Pins:2 from Part R50
Removed Parameter Number of Pins:2 from Part R52
Removed Parameter Number of Terminations:2 from Part R1
Removed Parameter Number of Terminations:2 from Part R2
Removed Parameter Number of Terminations:2 from Part R3
Removed Parameter Number of Terminations:2 from Part R5
Removed Parameter Number of Terminations:2 from Part R6
Removed Parameter Number of Terminations:2 from Part R7
Removed Parameter Number of Terminations:2 from Part R8
Removed Parameter Number of Terminations:2 from Part R9
Removed Parameter Number of Terminations:2 from Part R10
Removed Parameter Number of Terminations:2 from Part R12
Removed Parameter Number of Terminations:2 from Part R14
Removed Parameter Number of Terminations:2 from Part R16
Removed Parameter Number of Terminations:2 from Part R19
Removed Parameter Number of Terminations:2 from Part R20
Removed Parameter Number of Terminations:2 from Part R21
Removed Parameter Number of Terminations:2 from Part R23
Removed Parameter Number of Terminations:2 from Part R32
Removed Parameter Number of Terminations:2 from Part R37
Removed Parameter Number of Terminations:2 from Part R39
Removed Parameter Number of Terminations:2 from Part R42
Removed Parameter Number of Terminations:2 from Part R43
Removed Parameter Number of Terminations:2 from Part R44
Removed Parameter Number of Terminations:2 from Part R45
Removed Parameter Number of Terminations:2 from Part R50
Removed Parameter Number of Terminations:2 from Part R52
Removed Parameter PackageDescription:Axial Device, Thru-Hole; 2 Leads; 0.5 in Pin Spacing from Part R1
Removed Parameter PackageDescription:Axial Device, Thru-Hole; 2 Leads; 0.5 in Pin Spacing from Part R2
Removed Parameter PackageDescription:Axial Device, Thru-Hole; 2 Leads; 0.5 in Pin Spacing from Part R3
Removed Parameter PackageDescription:Axial Device, Thru-Hole; 2 Leads; 0.5 in Pin Spacing from Part R5
Removed Parameter PackageDescription:Axial Device, Thru-Hole; 2 Leads; 0.5 in Pin Spacing from Part R6
Removed Parameter PackageDescription:Axial Device, Thru-Hole; 2 Leads; 0.5 in Pin Spacing from Part R7
Removed Parameter PackageDescription:Axial Device, Thru-Hole; 2 Leads; 0.5 in Pin Spacing from Part R8
Removed Parameter PackageDescription:Axial Device, Thru-Hole; 2 Leads; 0.5 in Pin Spacing from Part R9
Removed Parameter PackageDescription:Axial Device, Thru-Hole; 2 Leads; 0.5 in Pin Spacing from Part R10
Removed Parameter PackageDescription:Axial Device, Thru-Hole; 2 Leads; 0.5 in Pin Spacing from Part R12
Removed Parameter PackageDescription:Axial Device, Thru-Hole; 2 Leads; 0.5 in Pin Spacing from Part R14
Removed Parameter PackageDescription:Axial Device, Thru-Hole; 2 Leads; 0.5 in Pin Spacing from Part R16
Removed Parameter PackageDescription:Axial Device, Thru-Hole; 2 Leads; 0.5 in Pin Spacing from Part R19
Removed Parameter PackageDescription:Axial Device, Thru-Hole; 2 Leads; 0.5 in Pin Spacing from Part R20
Removed Parameter PackageDescription:Axial Device, Thru-Hole; 2 Leads; 0.5 in Pin Spacing from Part R21
Removed Parameter PackageDescription:Axial Device, Thru-Hole; 2 Leads; 0.5 in Pin Spacing from Part R23
Removed Parameter PackageDescription:Axial Device, Thru-Hole; 2 Leads; 0.5 in Pin Spacing from Part R32
Removed Parameter PackageDescription:Axial Device, Thru-Hole; 2 Leads; 0.5 in Pin Spacing from Part R37
Removed Parameter PackageDescription:Axial Device, Thru-Hole; 2 Leads; 0.5 in Pin Spacing from Part R39
Removed Parameter PackageDescription:Axial Device, Thru-Hole; 2 Leads; 0.5 in Pin Spacing from Part R42
Removed Parameter PackageDescription:Axial Device, Thru-Hole; 2 Leads; 0.5 in Pin Spacing from Part R43
Removed Parameter PackageDescription:Axial Device, Thru-Hole; 2 Leads; 0.5 in Pin Spacing from Part R44
Removed Parameter PackageDescription:Axial Device, Thru-Hole; 2 Leads; 0.5 in Pin Spacing from Part R45
Removed Parameter PackageDescription:Axial Device, Thru-Hole; 2 Leads; 0.5 in Pin Spacing from Part R50
Removed Parameter PackageDescription:Axial Device, Thru-Hole; 2 Leads; 0.5 in Pin Spacing from Part R52
Removed Parameter Package Quantity:5000 from Part R1
Removed Parameter Package Quantity:5000 from Part R2
Removed Parameter Package Quantity:5000 from Part R3
Removed Parameter Package Quantity:5000 from Part R5
Removed Parameter Package Quantity:5000 from Part R6
Removed Parameter Package Quantity:5000 from Part R7
Removed Parameter Package Quantity:5000 from Part R8
Removed Parameter Package Quantity:5000 from Part R9
Removed Parameter Package Quantity:5000 from Part R10
Removed Parameter Package Quantity:5000 from Part R12
Removed Parameter Package Quantity:5000 from Part R14
Removed Parameter Package Quantity:5000 from Part R16
Removed Parameter Package Quantity:5000 from Part R19
Removed Parameter Package Quantity:5000 from Part R20
Removed Parameter Package Quantity:5000 from Part R21
Removed Parameter Package Quantity:5000 from Part R23
Removed Parameter Package Quantity:5000 from Part R32
Removed Parameter Package Quantity:5000 from Part R37
Removed Parameter Package Quantity:5000 from Part R39
Removed Parameter Package Quantity:5000 from Part R42
Removed Parameter Package Quantity:5000 from Part R43
Removed Parameter Package Quantity:5000 from Part R44
Removed Parameter Package Quantity:5000 from Part R45
Removed Parameter Package Quantity:5000 from Part R50
Removed Parameter Package Quantity:5000 from Part R52
Removed Parameter PackageReference:AXIAL-0.5 from Part R1
Removed Parameter PackageReference:AXIAL-0.5 from Part R2
Removed Parameter PackageReference:AXIAL-0.5 from Part R3
Removed Parameter PackageReference:AXIAL-0.5 from Part R5
Removed Parameter PackageReference:AXIAL-0.5 from Part R6
Removed Parameter PackageReference:AXIAL-0.5 from Part R7
Removed Parameter PackageReference:AXIAL-0.5 from Part R8
Removed Parameter PackageReference:AXIAL-0.5 from Part R9
Removed Parameter PackageReference:AXIAL-0.5 from Part R10
Removed Parameter PackageReference:AXIAL-0.5 from Part R12
Removed Parameter PackageReference:AXIAL-0.5 from Part R14
Removed Parameter PackageReference:AXIAL-0.5 from Part R16
Removed Parameter PackageReference:AXIAL-0.5 from Part R19
Removed Parameter PackageReference:AXIAL-0.5 from Part R20
Removed Parameter PackageReference:AXIAL-0.5 from Part R21
Removed Parameter PackageReference:AXIAL-0.5 from Part R23
Removed Parameter PackageReference:AXIAL-0.5 from Part R32
Removed Parameter PackageReference:AXIAL-0.5 from Part R37
Removed Parameter PackageReference:AXIAL-0.5 from Part R39
Removed Parameter PackageReference:AXIAL-0.5 from Part R42
Removed Parameter PackageReference:AXIAL-0.5 from Part R43
Removed Parameter PackageReference:AXIAL-0.5 from Part R44
Removed Parameter PackageReference:AXIAL-0.5 from Part R45
Removed Parameter PackageReference:AXIAL-0.5 from Part R50
Removed Parameter PackageReference:AXIAL-0.5 from Part R52
Removed Parameter Packaging:Tape and Reel from Part R1
Removed Parameter Packaging:Tape and Reel from Part R2
Removed Parameter Packaging:Tape and Reel from Part R3
Removed Parameter Packaging:Tape and Reel from Part R5
Removed Parameter Packaging:Tape and Reel from Part R6
Removed Parameter Packaging:Tape and Reel from Part R7
Removed Parameter Packaging:Tape and Reel from Part R8
Removed Parameter Packaging:Tape and Reel from Part R9
Removed Parameter Packaging:Tape and Reel from Part R10
Removed Parameter Packaging:Tape and Reel from Part R12
Removed Parameter Packaging:Tape and Reel from Part R14
Removed Parameter Packaging:Tape and Reel from Part R16
Removed Parameter Packaging:Tape and Reel from Part R19
Removed Parameter Packaging:Tape and Reel from Part R20
Removed Parameter Packaging:Tape and Reel from Part R21
Removed Parameter Packaging:Tape and Reel from Part R23
Removed Parameter Packaging:Tape and Reel from Part R32
Removed Parameter Packaging:Tape and Reel from Part R37
Removed Parameter Packaging:Tape and Reel from Part R39
Removed Parameter Packaging:Tape and Reel from Part R42
Removed Parameter Packaging:Tape and Reel from Part R43
Removed Parameter Packaging:Tape and Reel from Part R44
Removed Parameter Packaging:Tape and Reel from Part R45
Removed Parameter Packaging:Tape and Reel from Part R50
Removed Parameter Packaging:Tape and Reel from Part R52
Removed Parameter Power Rating:100mW from Part R1
Removed Parameter Power Rating:100mW from Part R2
Removed Parameter Power Rating:100mW from Part R3
Removed Parameter Power Rating:100mW from Part R5
Removed Parameter Power Rating:100mW from Part R6
Removed Parameter Power Rating:100mW from Part R7
Removed Parameter Power Rating:100mW from Part R8
Removed Parameter Power Rating:100mW from Part R9
Removed Parameter Power Rating:100mW from Part R10
Removed Parameter Power Rating:100mW from Part R12
Removed Parameter Power Rating:100mW from Part R14
Removed Parameter Power Rating:100mW from Part R16
Removed Parameter Power Rating:100mW from Part R19
Removed Parameter Power Rating:100mW from Part R20
Removed Parameter Power Rating:100mW from Part R21
Removed Parameter Power Rating:100mW from Part R23
Removed Parameter Power Rating:100mW from Part R32
Removed Parameter Power Rating:100mW from Part R37
Removed Parameter Power Rating:100mW from Part R39
Removed Parameter Power Rating:100mW from Part R42
Removed Parameter Power Rating:100mW from Part R43
Removed Parameter Power Rating:100mW from Part R44
Removed Parameter Power Rating:100mW from Part R45
Removed Parameter Power Rating:100mW from Part R50
Removed Parameter Power Rating:100mW from Part R52
Removed Parameter Pricing 1:1 = 0,10000, 10 = 0,04500, 50 = 0,04500, 100 = 0,01500, 1000 = 0,00900, 10000 = 0,00600 (USD) from Part R1
Removed Parameter Pricing 1:1 = 0,10000, 10 = 0,04500, 50 = 0,04500, 100 = 0,01500, 1000 = 0,00900, 10000 = 0,00600 (USD) from Part R2
Removed Parameter Pricing 1:1 = 0,10000, 10 = 0,04500, 50 = 0,04500, 100 = 0,01500, 1000 = 0,00900, 10000 = 0,00600 (USD) from Part R3
Removed Parameter Pricing 1:1 = 0,10000, 10 = 0,04500, 50 = 0,04500, 100 = 0,01500, 1000 = 0,00900, 10000 = 0,00600 (USD) from Part R5
Removed Parameter Pricing 1:1 = 0,10000, 10 = 0,04500, 50 = 0,04500, 100 = 0,01500, 1000 = 0,00900, 10000 = 0,00600 (USD) from Part R6
Removed Parameter Pricing 1:1 = 0,10000, 10 = 0,04500, 50 = 0,04500, 100 = 0,01500, 1000 = 0,00900, 10000 = 0,00600 (USD) from Part R7
Removed Parameter Pricing 1:1 = 0,10000, 10 = 0,04500, 50 = 0,04500, 100 = 0,01500, 1000 = 0,00900, 10000 = 0,00600 (USD) from Part R8
Removed Parameter Pricing 1:1 = 0,10000, 10 = 0,04500, 50 = 0,04500, 100 = 0,01500, 1000 = 0,00900, 10000 = 0,00600 (USD) from Part R9
Removed Parameter Pricing 1:1 = 0,10000, 10 = 0,04500, 50 = 0,04500, 100 = 0,01500, 1000 = 0,00900, 10000 = 0,00600 (USD) from Part R10
Removed Parameter Pricing 1:1 = 0,10000, 10 = 0,04500, 50 = 0,04500, 100 = 0,01500, 1000 = 0,00900, 10000 = 0,00600 (USD) from Part R12
Removed Parameter Pricing 1:1 = 0,10000, 10 = 0,04500, 50 = 0,04500, 100 = 0,01500, 1000 = 0,00900, 10000 = 0,00600 (USD) from Part R14
Removed Parameter Pricing 1:1 = 0,10000, 10 = 0,04500, 50 = 0,04500, 100 = 0,01500, 1000 = 0,00900, 10000 = 0,00600 (USD) from Part R16
Removed Parameter Pricing 1:1 = 0,10000, 10 = 0,04500, 50 = 0,04500, 100 = 0,01500, 1000 = 0,00900, 10000 = 0,00600 (USD) from Part R19
Removed Parameter Pricing 1:1 = 0,10000, 10 = 0,04500, 50 = 0,04500, 100 = 0,01500, 1000 = 0,00900, 10000 = 0,00600 (USD) from Part R20
Removed Parameter Pricing 1:1 = 0,10000, 10 = 0,04500, 50 = 0,04500, 100 = 0,01500, 1000 = 0,00900, 10000 = 0,00600 (USD) from Part R21
Removed Parameter Pricing 1:1 = 0,10000, 10 = 0,04500, 50 = 0,04500, 100 = 0,01500, 1000 = 0,00900, 10000 = 0,00600 (USD) from Part R23
Removed Parameter Pricing 1:1 = 0,10000, 10 = 0,04500, 50 = 0,04500, 100 = 0,01500, 1000 = 0,00900, 10000 = 0,00600 (USD) from Part R32
Removed Parameter Pricing 1:1 = 0,10000, 10 = 0,04500, 50 = 0,04500, 100 = 0,01500, 1000 = 0,00900, 10000 = 0,00600 (USD) from Part R37
Removed Parameter Pricing 1:1 = 0,10000, 10 = 0,04500, 50 = 0,04500, 100 = 0,01500, 1000 = 0,00900, 10000 = 0,00600 (USD) from Part R39
Removed Parameter Pricing 1:1 = 0,10000, 10 = 0,04500, 50 = 0,04500, 100 = 0,01500, 1000 = 0,00900, 10000 = 0,00600 (USD) from Part R42
Removed Parameter Pricing 1:1 = 0,10000, 10 = 0,04500, 50 = 0,04500, 100 = 0,01500, 1000 = 0,00900, 10000 = 0,00600 (USD) from Part R43
Removed Parameter Pricing 1:1 = 0,10000, 10 = 0,04500, 50 = 0,04500, 100 = 0,01500, 1000 = 0,00900, 10000 = 0,00600 (USD) from Part R44
Removed Parameter Pricing 1:1 = 0,10000, 10 = 0,04500, 50 = 0,04500, 100 = 0,01500, 1000 = 0,00900, 10000 = 0,00600 (USD) from Part R45
Removed Parameter Pricing 1:1 = 0,10000, 10 = 0,04500, 50 = 0,04500, 100 = 0,01500, 1000 = 0,00900, 10000 = 0,00600 (USD) from Part R50
Removed Parameter Pricing 1:1 = 0,10000, 10 = 0,04500, 50 = 0,04500, 100 = 0,01500, 1000 = 0,00900, 10000 = 0,00600 (USD) from Part R52
Removed Parameter Published:8-Jun-2000 from Part R1
Removed Parameter Published:8-Jun-2000 from Part R2
Removed Parameter Published:8-Jun-2000 from Part R3
Removed Parameter Published:8-Jun-2000 from Part R5
Removed Parameter Published:8-Jun-2000 from Part R6
Removed Parameter Published:8-Jun-2000 from Part R7
Removed Parameter Published:8-Jun-2000 from Part R8
Removed Parameter Published:8-Jun-2000 from Part R9
Removed Parameter Published:8-Jun-2000 from Part R10
Removed Parameter Published:8-Jun-2000 from Part R12
Removed Parameter Published:8-Jun-2000 from Part R14
Removed Parameter Published:8-Jun-2000 from Part R16
Removed Parameter Published:8-Jun-2000 from Part R19
Removed Parameter Published:8-Jun-2000 from Part R20
Removed Parameter Published:8-Jun-2000 from Part R21
Removed Parameter Published:8-Jun-2000 from Part R23
Removed Parameter Published:8-Jun-2000 from Part R32
Removed Parameter Published:8-Jun-2000 from Part R37
Removed Parameter Published:8-Jun-2000 from Part R39
Removed Parameter Published:8-Jun-2000 from Part R42
Removed Parameter Published:8-Jun-2000 from Part R43
Removed Parameter Published:8-Jun-2000 from Part R44
Removed Parameter Published:8-Jun-2000 from Part R45
Removed Parameter Published:8-Jun-2000 from Part R50
Removed Parameter Published:8-Jun-2000 from Part R52
Removed Parameter Publisher:Altium Limited from Part R1
Removed Parameter Publisher:Altium Limited from Part R2
Removed Parameter Publisher:Altium Limited from Part R3
Removed Parameter Publisher:Altium Limited from Part R5
Removed Parameter Publisher:Altium Limited from Part R6
Removed Parameter Publisher:Altium Limited from Part R7
Removed Parameter Publisher:Altium Limited from Part R8
Removed Parameter Publisher:Altium Limited from Part R9
Removed Parameter Publisher:Altium Limited from Part R10
Removed Parameter Publisher:Altium Limited from Part R12
Removed Parameter Publisher:Altium Limited from Part R14
Removed Parameter Publisher:Altium Limited from Part R16
Removed Parameter Publisher:Altium Limited from Part R19
Removed Parameter Publisher:Altium Limited from Part R20
Removed Parameter Publisher:Altium Limited from Part R21
Removed Parameter Publisher:Altium Limited from Part R23
Removed Parameter Publisher:Altium Limited from Part R32
Removed Parameter Publisher:Altium Limited from Part R37
Removed Parameter Publisher:Altium Limited from Part R39
Removed Parameter Publisher:Altium Limited from Part R42
Removed Parameter Publisher:Altium Limited from Part R43
Removed Parameter Publisher:Altium Limited from Part R44
Removed Parameter Publisher:Altium Limited from Part R45
Removed Parameter Publisher:Altium Limited from Part R50
Removed Parameter Publisher:Altium Limited from Part R52
Removed Parameter REACH SVHC:Unknown from Part R1
Removed Parameter REACH SVHC:Unknown from Part R2
Removed Parameter REACH SVHC:Unknown from Part R3
Removed Parameter REACH SVHC:Unknown from Part R5
Removed Parameter REACH SVHC:Unknown from Part R6
Removed Parameter REACH SVHC:Unknown from Part R7
Removed Parameter REACH SVHC:Unknown from Part R8
Removed Parameter REACH SVHC:Unknown from Part R9
Removed Parameter REACH SVHC:Unknown from Part R10
Removed Parameter REACH SVHC:Unknown from Part R12
Removed Parameter REACH SVHC:Unknown from Part R14
Removed Parameter REACH SVHC:Unknown from Part R16
Removed Parameter REACH SVHC:Unknown from Part R19
Removed Parameter REACH SVHC:Unknown from Part R20
Removed Parameter REACH SVHC:Unknown from Part R21
Removed Parameter REACH SVHC:Unknown from Part R23
Removed Parameter REACH SVHC:Unknown from Part R32
Removed Parameter REACH SVHC:Unknown from Part R37
Removed Parameter REACH SVHC:Unknown from Part R39
Removed Parameter REACH SVHC:Unknown from Part R42
Removed Parameter REACH SVHC:Unknown from Part R43
Removed Parameter REACH SVHC:Unknown from Part R44
Removed Parameter REACH SVHC:Unknown from Part R45
Removed Parameter REACH SVHC:Unknown from Part R50
Removed Parameter REACH SVHC:Unknown from Part R52
Removed Parameter RoHS:Yes from Part R1
Removed Parameter RoHS:Yes from Part R2
Removed Parameter RoHS:Yes from Part R3
Removed Parameter RoHS:Yes from Part R5
Removed Parameter RoHS:Yes from Part R6
Removed Parameter RoHS:Yes from Part R7
Removed Parameter RoHS:Yes from Part R8
Removed Parameter RoHS:Yes from Part R9
Removed Parameter RoHS:Yes from Part R10
Removed Parameter RoHS:Yes from Part R12
Removed Parameter RoHS:Yes from Part R14
Removed Parameter RoHS:Yes from Part R16
Removed Parameter RoHS:Yes from Part R19
Removed Parameter RoHS:Yes from Part R20
Removed Parameter RoHS:Yes from Part R21
Removed Parameter RoHS:Yes from Part R23
Removed Parameter RoHS:Yes from Part R32
Removed Parameter RoHS:Yes from Part R37
Removed Parameter RoHS:Yes from Part R39
Removed Parameter RoHS:Yes from Part R42
Removed Parameter RoHS:Yes from Part R43
Removed Parameter RoHS:Yes from Part R44
Removed Parameter RoHS:Yes from Part R45
Removed Parameter RoHS:Yes from Part R50
Removed Parameter RoHS:Yes from Part R52
Removed Parameter Source:main.SchLib from Part R1
Removed Parameter Source:main.SchLib from Part R2
Removed Parameter Source:main.SchLib from Part R3
Removed Parameter Source:main.SchLib from Part R5
Removed Parameter Source:main.SchLib from Part R6
Removed Parameter Source:main.SchLib from Part R7
Removed Parameter Source:main.SchLib from Part R8
Removed Parameter Source:main.SchLib from Part R9
Removed Parameter Source:main.SchLib from Part R10
Removed Parameter Source:main.SchLib from Part R12
Removed Parameter Source:main.SchLib from Part R14
Removed Parameter Source:main.SchLib from Part R16
Removed Parameter Source:main.SchLib from Part R19
Removed Parameter Source:main.SchLib from Part R20
Removed Parameter Source:main.SchLib from Part R21
Removed Parameter Source:main.SchLib from Part R23
Removed Parameter Source:main.SchLib from Part R32
Removed Parameter Source:main.SchLib from Part R37
Removed Parameter Source:main.SchLib from Part R39
Removed Parameter Source:main.SchLib from Part R42
Removed Parameter Source:main.SchLib from Part R43
Removed Parameter Source:main.SchLib from Part R44
Removed Parameter Source:main.SchLib from Part R45
Removed Parameter Source:main.SchLib from Part R50
Removed Parameter Source:main.SchLib from Part R52
Removed Parameter Stock 1:93280 from Part R1
Removed Parameter Stock 1:93280 from Part R2
Removed Parameter Stock 1:93280 from Part R3
Removed Parameter Stock 1:93280 from Part R5
Removed Parameter Stock 1:93280 from Part R6
Removed Parameter Stock 1:93280 from Part R7
Removed Parameter Stock 1:93280 from Part R8
Removed Parameter Stock 1:93280 from Part R9
Removed Parameter Stock 1:93280 from Part R10
Removed Parameter Stock 1:93280 from Part R12
Removed Parameter Stock 1:93280 from Part R14
Removed Parameter Stock 1:93280 from Part R16
Removed Parameter Stock 1:93280 from Part R19
Removed Parameter Stock 1:93280 from Part R20
Removed Parameter Stock 1:93280 from Part R21
Removed Parameter Stock 1:93280 from Part R23
Removed Parameter Stock 1:93280 from Part R32
Removed Parameter Stock 1:93280 from Part R37
Removed Parameter Stock 1:93280 from Part R39
Removed Parameter Stock 1:93280 from Part R42
Removed Parameter Stock 1:93280 from Part R43
Removed Parameter Stock 1:93280 from Part R44
Removed Parameter Stock 1:93280 from Part R45
Removed Parameter Stock 1:93280 from Part R50
Removed Parameter Stock 1:93280 from Part R52
Removed Parameter Temperature Coefficient:50ppm/°C from Part R1
Removed Parameter Temperature Coefficient:50ppm/°C from Part R2
Removed Parameter Temperature Coefficient:50ppm/°C from Part R3
Removed Parameter Temperature Coefficient:50ppm/°C from Part R5
Removed Parameter Temperature Coefficient:50ppm/°C from Part R6
Removed Parameter Temperature Coefficient:50ppm/°C from Part R7
Removed Parameter Temperature Coefficient:50ppm/°C from Part R8
Removed Parameter Temperature Coefficient:50ppm/°C from Part R9
Removed Parameter Temperature Coefficient:50ppm/°C from Part R10
Removed Parameter Temperature Coefficient:50ppm/°C from Part R12
Removed Parameter Temperature Coefficient:50ppm/°C from Part R14
Removed Parameter Temperature Coefficient:50ppm/°C from Part R16
Removed Parameter Temperature Coefficient:50ppm/°C from Part R19
Removed Parameter Temperature Coefficient:50ppm/°C from Part R20
Removed Parameter Temperature Coefficient:50ppm/°C from Part R21
Removed Parameter Temperature Coefficient:50ppm/°C from Part R23
Removed Parameter Temperature Coefficient:50ppm/°C from Part R32
Removed Parameter Temperature Coefficient:50ppm/°C from Part R37
Removed Parameter Temperature Coefficient:50ppm/°C from Part R39
Removed Parameter Temperature Coefficient:50ppm/°C from Part R42
Removed Parameter Temperature Coefficient:50ppm/°C from Part R43
Removed Parameter Temperature Coefficient:50ppm/°C from Part R44
Removed Parameter Temperature Coefficient:50ppm/°C from Part R45
Removed Parameter Temperature Coefficient:50ppm/°C from Part R50
Removed Parameter Temperature Coefficient:50ppm/°C from Part R52
Removed Parameter Termination:SMD/SMT from Part R1
Removed Parameter Termination:SMD/SMT from Part R2
Removed Parameter Termination:SMD/SMT from Part R3
Removed Parameter Termination:SMD/SMT from Part R5
Removed Parameter Termination:SMD/SMT from Part R6
Removed Parameter Termination:SMD/SMT from Part R7
Removed Parameter Termination:SMD/SMT from Part R8
Removed Parameter Termination:SMD/SMT from Part R9
Removed Parameter Termination:SMD/SMT from Part R10
Removed Parameter Termination:SMD/SMT from Part R12
Removed Parameter Termination:SMD/SMT from Part R14
Removed Parameter Termination:SMD/SMT from Part R16
Removed Parameter Termination:SMD/SMT from Part R19
Removed Parameter Termination:SMD/SMT from Part R20
Removed Parameter Termination:SMD/SMT from Part R21
Removed Parameter Termination:SMD/SMT from Part R23
Removed Parameter Termination:SMD/SMT from Part R32
Removed Parameter Termination:SMD/SMT from Part R37
Removed Parameter Termination:SMD/SMT from Part R39
Removed Parameter Termination:SMD/SMT from Part R42
Removed Parameter Termination:SMD/SMT from Part R43
Removed Parameter Termination:SMD/SMT from Part R44
Removed Parameter Termination:SMD/SMT from Part R45
Removed Parameter Termination:SMD/SMT from Part R50
Removed Parameter Termination:SMD/SMT from Part R52
Removed Parameter Tolerance:1% from Part R1
Removed Parameter Tolerance:1% from Part R2
Removed Parameter Tolerance:1% from Part R3
Removed Parameter Tolerance:1% from Part R5
Removed Parameter Tolerance:1% from Part R6
Removed Parameter Tolerance:1% from Part R7
Removed Parameter Tolerance:1% from Part R8
Removed Parameter Tolerance:1% from Part R9
Removed Parameter Tolerance:1% from Part R10
Removed Parameter Tolerance:1% from Part R12
Removed Parameter Tolerance:1% from Part R14
Removed Parameter Tolerance:1% from Part R16
Removed Parameter Tolerance:1% from Part R19
Removed Parameter Tolerance:1% from Part R20
Removed Parameter Tolerance:1% from Part R21
Removed Parameter Tolerance:1% from Part R23
Removed Parameter Tolerance:1% from Part R32
Removed Parameter Tolerance:1% from Part R37
Removed Parameter Tolerance:1% from Part R39
Removed Parameter Tolerance:1% from Part R42
Removed Parameter Tolerance:1% from Part R43
Removed Parameter Tolerance:1% from Part R44
Removed Parameter Tolerance:1% from Part R45
Removed Parameter Tolerance:1% from Part R50
Removed Parameter Tolerance:1% from Part R52
Removed Parameter Value:10K from Part R1
Removed Parameter Value:10K from Part R2
Removed Parameter Value:10K from Part R3
Removed Parameter Value:10K from Part R5
Removed Parameter Value:10K from Part R6
Removed Parameter Value:10K from Part R7
Removed Parameter Value:10K from Part R8
Removed Parameter Value:10K from Part R9
Removed Parameter Value:10K from Part R10
Removed Parameter Value:10K from Part R12
Removed Parameter Value:10K from Part R14
Removed Parameter Value:10K from Part R16
Removed Parameter Value:10K from Part R19
Removed Parameter Value:10K from Part R20
Removed Parameter Value:10K from Part R21
Removed Parameter Value:10K from Part R23
Removed Parameter Value:10K from Part R32
Removed Parameter Value:10K from Part R37
Removed Parameter Value:10K from Part R39
Removed Parameter Value:10K from Part R42
Removed Parameter Value:10K from Part R43
Removed Parameter Value:10K from Part R44
Removed Parameter Value:10K from Part R45
Removed Parameter Value:10K from Part R50
Removed Parameter Value:10K from Part R52
Removed Parameter Voltage Rating (DC):75V from Part R1
Removed Parameter Voltage Rating (DC):75V from Part R2
Removed Parameter Voltage Rating (DC):75V from Part R3
Removed Parameter Voltage Rating (DC):75V from Part R5
Removed Parameter Voltage Rating (DC):75V from Part R6
Removed Parameter Voltage Rating (DC):75V from Part R7
Removed Parameter Voltage Rating (DC):75V from Part R8
Removed Parameter Voltage Rating (DC):75V from Part R9
Removed Parameter Voltage Rating (DC):75V from Part R10
Removed Parameter Voltage Rating (DC):75V from Part R12
Removed Parameter Voltage Rating (DC):75V from Part R14
Removed Parameter Voltage Rating (DC):75V from Part R16
Removed Parameter Voltage Rating (DC):75V from Part R19
Removed Parameter Voltage Rating (DC):75V from Part R20
Removed Parameter Voltage Rating (DC):75V from Part R21
Removed Parameter Voltage Rating (DC):75V from Part R23
Removed Parameter Voltage Rating (DC):75V from Part R32
Removed Parameter Voltage Rating (DC):75V from Part R37
Removed Parameter Voltage Rating (DC):75V from Part R39
Removed Parameter Voltage Rating (DC):75V from Part R42
Removed Parameter Voltage Rating (DC):75V from Part R43
Removed Parameter Voltage Rating (DC):75V from Part R44
Removed Parameter Voltage Rating (DC):75V from Part R45
Removed Parameter Voltage Rating (DC):75V from Part R50
Removed Parameter Voltage Rating (DC):75V from Part R52
Removed Parameter Voltage Rating:75V from Part R1
Removed Parameter Voltage Rating:75V from Part R2
Removed Parameter Voltage Rating:75V from Part R3
Removed Parameter Voltage Rating:75V from Part R5
Removed Parameter Voltage Rating:75V from Part R6
Removed Parameter Voltage Rating:75V from Part R7
Removed Parameter Voltage Rating:75V from Part R8
Removed Parameter Voltage Rating:75V from Part R9
Removed Parameter Voltage Rating:75V from Part R10
Removed Parameter Voltage Rating:75V from Part R12
Removed Parameter Voltage Rating:75V from Part R14
Removed Parameter Voltage Rating:75V from Part R16
Removed Parameter Voltage Rating:75V from Part R19
Removed Parameter Voltage Rating:75V from Part R20
Removed Parameter Voltage Rating:75V from Part R21
Removed Parameter Voltage Rating:75V from Part R23
Removed Parameter Voltage Rating:75V from Part R32
Removed Parameter Voltage Rating:75V from Part R37
Removed Parameter Voltage Rating:75V from Part R39
Removed Parameter Voltage Rating:75V from Part R42
Removed Parameter Voltage Rating:75V from Part R43
Removed Parameter Voltage Rating:75V from Part R44
Removed Parameter Voltage Rating:75V from Part R45
Removed Parameter Voltage Rating:75V from Part R50
Removed Parameter Voltage Rating:75V from Part R52
Removed Parameter Width:0.031inch from Part R1
Removed Parameter Width:0.031inch from Part R2
Removed Parameter Width:0.031inch from Part R3
Removed Parameter Width:0.031inch from Part R5
Removed Parameter Width:0.031inch from Part R6
Removed Parameter Width:0.031inch from Part R7
Removed Parameter Width:0.031inch from Part R8
Removed Parameter Width:0.031inch from Part R9
Removed Parameter Width:0.031inch from Part R10
Removed Parameter Width:0.031inch from Part R12
Removed Parameter Width:0.031inch from Part R14
Removed Parameter Width:0.031inch from Part R16
Removed Parameter Width:0.031inch from Part R19
Removed Parameter Width:0.031inch from Part R20
Removed Parameter Width:0.031inch from Part R21
Removed Parameter Width:0.031inch from Part R23
Removed Parameter Width:0.031inch from Part R32
Removed Parameter Width:0.031inch from Part R37
Removed Parameter Width:0.031inch from Part R39
Removed Parameter Width:0.031inch from Part R42
Removed Parameter Width:0.031inch from Part R43
Removed Parameter Width:0.031inch from Part R44
Removed Parameter Width:0.031inch from Part R45
Removed Parameter Width:0.031inch from Part R50
Removed Parameter Width:0.031inch from Part R52
Change Value of Parameter Composition in Part R21 Old=Thin Film New=Thick film
Change Value of Parameter Composition in Part R20 Old=Thin Film New=Thick film
Change Value of Parameter Composition in Part R32 Old=Thin Film New=Thick film
Change Value of Parameter Composition in Part R23 Old=Thin Film New=Thick film
Change Value of Parameter Composition in Part R14 Old=Thin Film New=Thick film
Change Value of Parameter Composition in Part R12 Old=Thin Film New=Thick film
Change Value of Parameter Composition in Part R19 Old=Thin Film New=Thick film
Change Value of Parameter Composition in Part R16 Old=Thin Film New=Thick film
Change Value of Parameter Composition in Part R45 Old=Thin Film New=Thick film
Change Value of Parameter Composition in Part R44 Old=Thin Film New=Thick film
Change Value of Parameter Composition in Part R52 Old=Thin Film New=Thick film
Change Value of Parameter Composition in Part R50 Old=Thin Film New=Thick film
Change Value of Parameter Composition in Part R39 Old=Thin Film New=Thick film
Change Value of Parameter Composition in Part R37 Old=Thin Film New=Thick film
Change Value of Parameter Composition in Part R43 Old=Thin Film New=Thick film
Change Value of Parameter Composition in Part R42 Old=Thin Film New=Thick film
Change Value of Parameter Composition in Part R10 Old=Thin Film New=Thick film
Change Value of Parameter Composition in Part R3 Old=Thin Film New=Thick film
Change Value of Parameter Composition in Part R6 Old=Thin Film New=Thick film
Change Value of Parameter Composition in Part R8 Old=Thin Film New=Thick film
Change Value of Parameter Composition in Part R2 Old=Thin Film New=Thick film
Change Value of Parameter Composition in Part R1 Old=Thin Film New=Thick film
Change Value of Parameter Composition in Part R5 Old=Thin Film New=Thick film
Change Value of Parameter Composition in Part R9 Old=Thin Film New=Thick film
Change Value of Parameter Composition in Part R7 Old=Thin Film New=Thick film
Change Value of Parameter Resistance in Part R42 Old=10kR New=10k
Change Value of Parameter Resistance in Part R39 Old=10kR New=10k
Change Value of Parameter Resistance in Part R3 Old=10kR New=10k
Change Value of Parameter Resistance in Part R1 Old=10kR New=10k
Change Value of Parameter Resistance in Part R50 Old=10kR New=10k
Change Value of Parameter Resistance in Part R52 Old=10kR New=10k
Change Value of Parameter Resistance in Part R45 Old=10kR New=10k
Change Value of Parameter Resistance in Part R43 Old=10kR New=10k
Change Value of Parameter Resistance in Part R2 Old=10kR New=10k
Change Value of Parameter Resistance in Part R44 Old=10kR New=10k
Change Value of Parameter Resistance in Part R37 Old=10kR New=10k
Change Value of Parameter Resistance in Part R8 Old=10kR New=10k
Change Value of Parameter Resistance in Part R16 Old=10kR New=10k
Change Value of Parameter Resistance in Part R19 Old=10kR New=10k
Change Value of Parameter Resistance in Part R14 Old=10kR New=10k
Change Value of Parameter Resistance in Part R10 Old=10kR New=10k
Change Value of Parameter Resistance in Part R9 Old=10kR New=10k
Change Value of Parameter Resistance in Part R12 Old=10kR New=10k
Change Value of Parameter Resistance in Part R23 Old=10kR New=10k
Change Value of Parameter Resistance in Part R32 Old=10kR New=10k
Change Value of Parameter Resistance in Part R5 Old=10kR New=10k
Change Value of Parameter Resistance in Part R6 Old=10kR New=10k
Change Value of Parameter Resistance in Part R7 Old=10kR New=10k
Change Value of Parameter Resistance in Part R20 Old=10kR New=10k
Change Value of Parameter Resistance in Part R21 Old=10kR New=10k
Added Parameter Maximum working voltage=75V to Part R1
Added Parameter Maximum working voltage=75V to Part R2
Added Parameter Maximum working voltage=75V to Part R3
Added Parameter Maximum working voltage=75V to Part R5
Added Parameter Maximum working voltage=75V to Part R6
Added Parameter Maximum working voltage=75V to Part R7
Added Parameter Maximum working voltage=75V to Part R8
Added Parameter Maximum working voltage=75V to Part R9
Added Parameter Maximum working voltage=75V to Part R10
Added Parameter Maximum working voltage=75V to Part R12
Added Parameter Maximum working voltage=75V to Part R14
Added Parameter Maximum working voltage=75V to Part R16
Added Parameter Maximum working voltage=75V to Part R19
Added Parameter Maximum working voltage=75V to Part R20
Added Parameter Maximum working voltage=75V to Part R21
Added Parameter Maximum working voltage=75V to Part R23
Added Parameter Maximum working voltage=75V to Part R32
Added Parameter Maximum working voltage=75V to Part R37
Added Parameter Maximum working voltage=75V to Part R39
Added Parameter Maximum working voltage=75V to Part R42
Added Parameter Maximum working voltage=75V to Part R43
Added Parameter Maximum working voltage=75V to Part R44
Added Parameter Maximum working voltage=75V to Part R45
Added Parameter Maximum working voltage=75V to Part R50
Added Parameter Maximum working voltage=75V to Part R52
Added Parameter Power=100mW to Part R1
Added Parameter Power=100mW to Part R2
Added Parameter Power=100mW to Part R3
Added Parameter Power=100mW to Part R5
Added Parameter Power=100mW to Part R6
Added Parameter Power=100mW to Part R7
Added Parameter Power=100mW to Part R8
Added Parameter Power=100mW to Part R9
Added Parameter Power=100mW to Part R10
Added Parameter Power=100mW to Part R12
Added Parameter Power=100mW to Part R14
Added Parameter Power=100mW to Part R16
Added Parameter Power=100mW to Part R19
Added Parameter Power=100mW to Part R20
Added Parameter Power=100mW to Part R21
Added Parameter Power=100mW to Part R23
Added Parameter Power=100mW to Part R32
Added Parameter Power=100mW to Part R37
Added Parameter Power=100mW to Part R39
Added Parameter Power=100mW to Part R42
Added Parameter Power=100mW to Part R43
Added Parameter Power=100mW to Part R44
Added Parameter Power=100mW to Part R45
Added Parameter Power=100mW to Part R50
Added Parameter Power=100mW to Part R52
Added Parameter Size (Imperial)=0603 to Part R1
Added Parameter Size (Imperial)=0603 to Part R2
Added Parameter Size (Imperial)=0603 to Part R3
Added Parameter Size (Imperial)=0603 to Part R5
Added Parameter Size (Imperial)=0603 to Part R6
Added Parameter Size (Imperial)=0603 to Part R7
Added Parameter Size (Imperial)=0603 to Part R8
Added Parameter Size (Imperial)=0603 to Part R9
Added Parameter Size (Imperial)=0603 to Part R10
Added Parameter Size (Imperial)=0603 to Part R12
Added Parameter Size (Imperial)=0603 to Part R14
Added Parameter Size (Imperial)=0603 to Part R16
Added Parameter Size (Imperial)=0603 to Part R19
Added Parameter Size (Imperial)=0603 to Part R20
Added Parameter Size (Imperial)=0603 to Part R21
Added Parameter Size (Imperial)=0603 to Part R23
Added Parameter Size (Imperial)=0603 to Part R32
Added Parameter Size (Imperial)=0603 to Part R37
Added Parameter Size (Imperial)=0603 to Part R39
Added Parameter Size (Imperial)=0603 to Part R42
Added Parameter Size (Imperial)=0603 to Part R43
Added Parameter Size (Imperial)=0603 to Part R44
Added Parameter Size (Imperial)=0603 to Part R45
Added Parameter Size (Imperial)=0603 to Part R50
Added Parameter Size (Imperial)=0603 to Part R52
Added Parameter Temperature Coefficient (ppm/°C)=100 to Part R1
Added Parameter Temperature Coefficient (ppm/°C)=100 to Part R2
Added Parameter Temperature Coefficient (ppm/°C)=100 to Part R3
Added Parameter Temperature Coefficient (ppm/°C)=100 to Part R5
Added Parameter Temperature Coefficient (ppm/°C)=100 to Part R6
Added Parameter Temperature Coefficient (ppm/°C)=100 to Part R7
Added Parameter Temperature Coefficient (ppm/°C)=100 to Part R8
Added Parameter Temperature Coefficient (ppm/°C)=100 to Part R9
Added Parameter Temperature Coefficient (ppm/°C)=100 to Part R10
Added Parameter Temperature Coefficient (ppm/°C)=100 to Part R12
Added Parameter Temperature Coefficient (ppm/°C)=100 to Part R14
Added Parameter Temperature Coefficient (ppm/°C)=100 to Part R16
Added Parameter Temperature Coefficient (ppm/°C)=100 to Part R19
Added Parameter Temperature Coefficient (ppm/°C)=100 to Part R20
Added Parameter Temperature Coefficient (ppm/°C)=100 to Part R21
Added Parameter Temperature Coefficient (ppm/°C)=100 to Part R23
Added Parameter Temperature Coefficient (ppm/°C)=100 to Part R32
Added Parameter Temperature Coefficient (ppm/°C)=100 to Part R37
Added Parameter Temperature Coefficient (ppm/°C)=100 to Part R39
Added Parameter Temperature Coefficient (ppm/°C)=100 to Part R42
Added Parameter Temperature Coefficient (ppm/°C)=100 to Part R43
Added Parameter Temperature Coefficient (ppm/°C)=100 to Part R44
Added Parameter Temperature Coefficient (ppm/°C)=100 to Part R45
Added Parameter Temperature Coefficient (ppm/°C)=100 to Part R50
Added Parameter Temperature Coefficient (ppm/°C)=100 to Part R52
Added Parameter Tolerance (+-)=1% to Part R1
Added Parameter Tolerance (+-)=1% to Part R2
Added Parameter Tolerance (+-)=1% to Part R3
Added Parameter Tolerance (+-)=1% to Part R5
Added Parameter Tolerance (+-)=1% to Part R6
Added Parameter Tolerance (+-)=1% to Part R7
Added Parameter Tolerance (+-)=1% to Part R8
Added Parameter Tolerance (+-)=1% to Part R9
Added Parameter Tolerance (+-)=1% to Part R10
Added Parameter Tolerance (+-)=1% to Part R12
Added Parameter Tolerance (+-)=1% to Part R14
Added Parameter Tolerance (+-)=1% to Part R16
Added Parameter Tolerance (+-)=1% to Part R19
Added Parameter Tolerance (+-)=1% to Part R20
Added Parameter Tolerance (+-)=1% to Part R21
Added Parameter Tolerance (+-)=1% to Part R23
Added Parameter Tolerance (+-)=1% to Part R32
Added Parameter Tolerance (+-)=1% to Part R37
Added Parameter Tolerance (+-)=1% to Part R39
Added Parameter Tolerance (+-)=1% to Part R42
Added Parameter Tolerance (+-)=1% to Part R43
Added Parameter Tolerance (+-)=1% to Part R44
Added Parameter Tolerance (+-)=1% to Part R45
Added Parameter Tolerance (+-)=1% to Part R50
Added Parameter Tolerance (+-)=1% to Part R52
Update Managed Component R1 From CMP-06207-1[Res 0603 10K 1%] To CMP-06207-1[Res 10k 1% 0603] in Optical Compressor V2.SchDoc
Update Managed Component R2 From CMP-06207-1[Res 0603 10K 1%] To CMP-06207-1[Res 10k 1% 0603] in Optical Compressor V2.SchDoc
Update Managed Component R3 From CMP-06207-1[Res 0603 10K 1%] To CMP-06207-1[Res 10k 1% 0603] in Optical Compressor V2.SchDoc
Update Managed Component R5 From CMP-06207-1[Res 0603 10K 1%] To CMP-06207-1[Res 10k 1% 0603] in Optical Compressor V2.SchDoc
Update Managed Component R6 From CMP-06207-1[Res 0603 10K 1%] To CMP-06207-1[Res 10k 1% 0603] in Optical Compressor V2.SchDoc
Update Managed Component R7 From CMP-06207-1[Res 0603 10K 1%] To CMP-06207-1[Res 10k 1% 0603] in Optical Compressor V2.SchDoc
Update Managed Component R8 From CMP-06207-1[Res 0603 10K 1%] To CMP-06207-1[Res 10k 1% 0603] in Optical Compressor V2.SchDoc
Update Managed Component R9 From CMP-06207-1[Res 0603 10K 1%] To CMP-06207-1[Res 10k 1% 0603] in Optical Compressor V2.SchDoc
Update Managed Component R10 From CMP-06207-1[Res 0603 10K 1%] To CMP-06207-1[Res 10k 1% 0603] in Optical Compressor V2.SchDoc
Update Managed Component R12 From CMP-06207-1[Res 0603 10K 1%] To CMP-06207-1[Res 10k 1% 0603] in Optical Compressor V2.SchDoc
Update Managed Component R14 From CMP-06207-1[Res 0603 10K 1%] To CMP-06207-1[Res 10k 1% 0603] in Optical Compressor V2.SchDoc
Update Managed Component R16 From CMP-06207-1[Res 0603 10K 1%] To CMP-06207-1[Res 10k 1% 0603] in Optical Compressor V2.SchDoc
Update Managed Component R19 From CMP-06207-1[Res 0603 10K 1%] To CMP-06207-1[Res 10k 1% 0603] in Optical Compressor V2.SchDoc
Update Managed Component R20 From CMP-06207-1[Res 0603 10K 1%] To CMP-06207-1[Res 10k 1% 0603] in Optical Compressor V2.SchDoc
Update Managed Component R21 From CMP-06207-1[Res 0603 10K 1%] To CMP-06207-1[Res 10k 1% 0603] in Optical Compressor V2.SchDoc
Update Managed Component R23 From CMP-06207-1[Res 0603 10K 1%] To CMP-06207-1[Res 10k 1% 0603] in Optical Compressor V2.SchDoc
Update Managed Component R32 From CMP-06207-1[Res 0603 10K 1%] To CMP-06207-1[Res 10k 1% 0603] in Optical Compressor V2.SchDoc
Update Managed Component R37 From CMP-06207-1[Res 0603 10K 1%] To CMP-06207-1[Res 10k 1% 0603] in Optical Compressor V2.SchDoc
Update Managed Component R39 From CMP-06207-1[Res 0603 10K 1%] To CMP-06207-1[Res 10k 1% 0603] in Optical Compressor V2.SchDoc
Update Managed Component R42 From CMP-06207-1[Res 0603 10K 1%] To CMP-06207-1[Res 10k 1% 0603] in Optical Compressor V2.SchDoc
Update Managed Component R43 From CMP-06207-1[Res 0603 10K 1%] To CMP-06207-1[Res 10k 1% 0603] in Optical Compressor V2.SchDoc
Update Managed Component R44 From CMP-06207-1[Res 0603 10K 1%] To CMP-06207-1[Res 10k 1% 0603] in Optical Compressor V2.SchDoc
Update Managed Component R45 From CMP-06207-1[Res 0603 10K 1%] To CMP-06207-1[Res 10k 1% 0603] in Optical Compressor V2.SchDoc
Update Managed Component R50 From CMP-06207-1[Res 0603 10K 1%] To CMP-06207-1[Res 10k 1% 0603] in Optical Compressor V2.SchDoc
Update Managed Component R52 From CMP-06207-1[Res 0603 10K 1%] To CMP-06207-1[Res 10k 1% 0603] in Optical Compressor V2.SchDoc
