Change Physical Footprint: Designator=C1 Old Footprint=E-CAP, SMT, diameter 5mm, height 5.4mm New Footprint=E-CAP, SMT, diameter 5mm, height 5.4mm
Change Physical Footprint: Designator=C2 Old Footprint=0603-CAP New Footprint=0603-CAP
Change Physical Footprint: Designator=C3 Old Footprint=0603-CAP New Footprint=0603-CAP
Change Physical Footprint: Designator=C4 Old Footprint=0603-CAP New Footprint=0603-CAP
Change Physical Footprint: Designator=C5 Old Footprint=0603-CAP New Footprint=0603-CAP
Change Physical Footprint: Designator=C6 Old Footprint=0603-CAP New Footprint=0603-CAP
Change Physical Footprint: Designator=C7 Old Footprint=0603-CAP New Footprint=0603-CAP
Change Physical Footprint: Designator=C8 Old Footprint=0603-CAP New Footprint=0603-CAP
Change Physical Footprint: Designator=C9 Old Footprint=0603-CAP New Footprint=0603-CAP
Change Physical Footprint: Designator=C10 Old Footprint=0603-CAP New Footprint=0603-CAP
Change Physical Footprint: Designator=C11 Old Footprint=0603-CAP New Footprint=0603-CAP
Change Physical Footprint: Designator=C12 Old Footprint=0603-CAP New Footprint=0603-CAP
Change Physical Footprint: Designator=C13 Old Footprint=0603-CAP New Footprint=0603-CAP
Change Physical Footprint: Designator=C14 Old Footprint=E-CAP, SMT, diameter 5mm, height 5.4mm New Footprint=E-CAP, SMT, diameter 5mm, height 5.4mm
Change Physical Footprint: Designator=C15 Old Footprint=0805-CAP New Footprint=0805-CAP
Change Physical Footprint: Designator=C16 Old Footprint=E-CAP, SMT, diameter 5mm, height 5.4mm New Footprint=E-CAP, SMT, diameter 5mm, height 5.4mm
Change Physical Footprint: Designator=C17 Old Footprint=0805-CAP New Footprint=0805-CAP
Change Physical Footprint: Designator=C18 Old Footprint=0805-CAP New Footprint=0805-CAP
Change Physical Footprint: Designator=C19 Old Footprint=E-CAP, SMT, diameter 5mm, height 5.4mm New Footprint=E-CAP, SMT, diameter 5mm, height 5.4mm
Change Physical Footprint: Designator=C20 Old Footprint=E-CAP, SMT, diameter 6.3mm, height 7.7mm New Footprint=E-CAP, SMT, diameter 6.3mm, height 7.7mm
Change Physical Footprint: Designator=C21 Old Footprint=0805-CAP New Footprint=0805-CAP
Change Physical Footprint: Designator=C22 Old Footprint=0603-CAP New Footprint=0603-CAP
Change Physical Footprint: Designator=C23 Old Footprint=0603-CAP New Footprint=0603-CAP
Change Physical Footprint: Designator=C24 Old Footprint=0603-CAP New Footprint=0603-CAP
Change Physical Footprint: Designator=C25 Old Footprint=0805-CAP New Footprint=0805-CAP
Change Physical Footprint: Designator=C26 Old Footprint=0603-CAP New Footprint=0603-CAP
Change Physical Footprint: Designator=C27 Old Footprint=0603-CAP New Footprint=0603-CAP
Change Physical Footprint: Designator=C28 Old Footprint=1206-CAP New Footprint=1206-CAP
Change Physical Footprint: Designator=C29 Old Footprint=0603-CAP New Footprint=0603-CAP
Change Physical Footprint: Designator=C30 Old Footprint=0603-CAP New Footprint=0603-CAP
Change Physical Footprint: Designator=C31 Old Footprint=E-CAP, SMT, diameter 5mm, height 5.4mm New Footprint=E-CAP, SMT, diameter 5mm, height 5.4mm
Change Physical Footprint: Designator=C32 Old Footprint=E-CAP, SMT, diameter 5mm, height 5.4mm New Footprint=E-CAP, SMT, diameter 5mm, height 5.4mm
Change Physical Footprint: Designator=C33 Old Footprint=0603-CAP New Footprint=0603-CAP
Change Physical Footprint: Designator=C34 Old Footprint=0603-CAP New Footprint=0603-CAP
Change Physical Footprint: Designator=C35 Old Footprint=E-CAP, SMT, diameter 6.3mm, height 7.7mm New Footprint=E-CAP, SMT, diameter 6.3mm, height 7.7mm
Change Physical Footprint: Designator=C36 Old Footprint=0603-CAP New Footprint=0603-CAP
Change Physical Footprint: Designator=C37 Old Footprint=0603-CAP New Footprint=0603-CAP
Change Physical Footprint: Designator=D1 Old Footprint=DO-214AC New Footprint=DO-214AC
Change Physical Footprint: Designator=D2 Old Footprint=SODFL370X135-2N New Footprint=SODFL370X135-2N
Change Physical Footprint: Designator=D3 Old Footprint=DO-214AC New Footprint=DO-214AC
Change Physical Footprint: Designator=D4 Old Footprint=SS14 New Footprint=SS14
Change Physical Footprint: Designator=D5 Old Footprint=LED DUAL REDBLUE New Footprint=LED DUAL REDBLUE
Change Physical Footprint: Designator=D6 Old Footprint=1N4148WS-7-F New Footprint=1N4148WS-7-F
Change Physical Footprint: Designator=D7 Old Footprint=1N4148WS-7-F New Footprint=1N4148WS-7-F
Change Physical Footprint: Designator=D8 Old Footprint=1N4148WS-7-F New Footprint=1N4148WS-7-F
Change Physical Footprint: Designator=D9 Old Footprint=1N4148WS-7-F New Footprint=1N4148WS-7-F
Change Physical Footprint: Designator=D10 Old Footprint=1N4148WS-7-F New Footprint=1N4148WS-7-F
Change Physical Footprint: Designator=D11 Old Footprint=1N4148WS-7-F New Footprint=1N4148WS-7-F
Change Physical Footprint: Designator=D12 Old Footprint=1N4148WS-7-F New Footprint=1N4148WS-7-F
Change Physical Footprint: Designator=D13 Old Footprint=ONSC-SOT-323-3-419-04_V New Footprint=ONSC-SOT-323-3-419-04_V
Change Physical Footprint: Designator=J1 Old Footprint=DC_Jack New Footprint=DC_Jack
Change Physical Footprint: Designator=J2 Old Footprint=Neutrik Jack with Cliff EMI screen New Footprint=Neutrik Jack with Cliff EMI screen
Change Physical Footprint: Designator=J3 Old Footprint=Neutrik Jack with Cliff EMI screen New Footprint=Neutrik Jack with Cliff EMI screen
Change Physical Footprint: Designator=L1 Old Footprint=INDP3030X14L New Footprint=INDP3030X14L
Change Physical Footprint: Designator=L2 Old Footprint=INDP3030X14L New Footprint=INDP3030X14L
Change Physical Footprint: Designator=L3 Old Footprint=0805-IND New Footprint=0805-IND
Change Physical Footprint: Designator=L4 Old Footprint=0402 COMPONENT New Footprint=0402 COMPONENT
Change Physical Footprint: Designator=LED1 Old Footprint=KING-WP710A10QBCD_V New Footprint=KING-WP710A10QBCD_V
Change Physical Footprint: Designator=OC1 Old Footprint=NSL New Footprint=NSL
Change Physical Footprint: Designator=Q1 Old Footprint=MMBFJ201 New Footprint=MMBFJ201
Change Physical Footprint: Designator=Q2 Old Footprint=MMBFJ201 New Footprint=MMBFJ201
Change Physical Footprint: Designator=Q3 Old Footprint=MMBFJ201 New Footprint=MMBFJ201
Change Physical Footprint: Designator=Q4 Old Footprint=MMBFJ201 New Footprint=MMBFJ201
Change Physical Footprint: Designator=R1 Old Footprint=0603-RES New Footprint=0603-RES
Change Physical Footprint: Designator=R2 Old Footprint=0603-RES New Footprint=0603-RES
Change Physical Footprint: Designator=R3 Old Footprint=0603-RES New Footprint=0603-RES
Change Physical Footprint: Designator=R4 Old Footprint=0805-RES New Footprint=0805-RES
Change Physical Footprint: Designator=R5 Old Footprint=0603-RES New Footprint=0603-RES
Change Physical Footprint: Designator=R6 Old Footprint=0603-RES New Footprint=0603-RES
Change Physical Footprint: Designator=R7 Old Footprint=0603-RES New Footprint=0603-RES
Change Physical Footprint: Designator=R8 Old Footprint=0603-RES New Footprint=0603-RES
Change Physical Footprint: Designator=R9 Old Footprint=0603-RES New Footprint=0603-RES
Change Physical Footprint: Designator=R10 Old Footprint=0603-RES New Footprint=0603-RES
Change Physical Footprint: Designator=R11 Old Footprint=0805-RES New Footprint=0805-RES
Change Physical Footprint: Designator=R12 Old Footprint=0603-RES New Footprint=0603-RES
Change Physical Footprint: Designator=R13 Old Footprint=0603-RES New Footprint=0603-RES
Change Physical Footprint: Designator=R14 Old Footprint=0603-RES New Footprint=0603-RES
Change Physical Footprint: Designator=R15 Old Footprint=0603-RES New Footprint=0603-RES
Change Physical Footprint: Designator=R16 Old Footprint=0603-RES New Footprint=0603-RES
Change Physical Footprint: Designator=R17 Old Footprint=0805-RES New Footprint=0805-RES
Change Physical Footprint: Designator=R18 Old Footprint=0805-RES New Footprint=0805-RES
Change Physical Footprint: Designator=R19 Old Footprint=0603-RES New Footprint=0603-RES
Change Physical Footprint: Designator=R20 Old Footprint=0603-RES New Footprint=0603-RES
Change Physical Footprint: Designator=R21 Old Footprint=0603-RES New Footprint=0603-RES
Change Physical Footprint: Designator=R22 Old Footprint=0603-RES New Footprint=0603-RES
Change Physical Footprint: Designator=R23 Old Footprint=0805-RES New Footprint=0805-RES
Change Physical Footprint: Designator=R24 Old Footprint=0603-RES New Footprint=0603-RES
Change Physical Footprint: Designator=R25 Old Footprint=0603-RES New Footprint=0603-RES
Change Physical Footprint: Designator=R26 Old Footprint=0603-RES New Footprint=0603-RES
Change Physical Footprint: Designator=R27 Old Footprint=0603-RES New Footprint=0603-RES
Change Physical Footprint: Designator=R28 Old Footprint=0603-RES New Footprint=0603-RES
Change Physical Footprint: Designator=R29 Old Footprint=0603-RES New Footprint=0603-RES
Change Physical Footprint: Designator=R30 Old Footprint=0603-RES New Footprint=0603-RES
Change Physical Footprint: Designator=R31 Old Footprint=0603-RES New Footprint=0603-RES
Change Physical Footprint: Designator=R32 Old Footprint=0603-RES New Footprint=0603-RES
Change Physical Footprint: Designator=R33 Old Footprint=0603-RES New Footprint=0603-RES
Change Physical Footprint: Designator=R34 Old Footprint=0603-RES New Footprint=0603-RES
Change Physical Footprint: Designator=R35 Old Footprint=0805-RES New Footprint=0805-RES
Change Physical Footprint: Designator=R36 Old Footprint=0603-RES New Footprint=0603-RES
Change Physical Footprint: Designator=R37 Old Footprint=0603-RES New Footprint=0603-RES
Change Physical Footprint: Designator=R39 Old Footprint=0603-RES New Footprint=0603-RES
Change Physical Footprint: Designator=R40 Old Footprint=0603-RES New Footprint=0603-RES
Change Physical Footprint: Designator=R41 Old Footprint=0603-RES New Footprint=0603-RES
Change Physical Footprint: Designator=R42 Old Footprint=0603-RES New Footprint=0603-RES
Change Physical Footprint: Designator=R43 Old Footprint=0603-RES New Footprint=0603-RES
Change Physical Footprint: Designator=R44 Old Footprint=0603-RES New Footprint=0603-RES
Change Physical Footprint: Designator=R45 Old Footprint=0603-RES New Footprint=0603-RES
Change Physical Footprint: Designator=R46 Old Footprint=0603-RES New Footprint=0603-RES
Change Physical Footprint: Designator=R47 Old Footprint=0805-RES New Footprint=0805-RES
Change Physical Footprint: Designator=R48 Old Footprint=0805-RES New Footprint=0805-RES
Change Physical Footprint: Designator=R49 Old Footprint=0603-RES New Footprint=0603-RES
Change Physical Footprint: Designator=R50 Old Footprint=0603-RES New Footprint=0603-RES
Change Physical Footprint: Designator=R51 Old Footprint=0603-RES New Footprint=0603-RES
Change Physical Footprint: Designator=R52 Old Footprint=0603-RES New Footprint=0603-RES
Change Physical Footprint: Designator=R53 Old Footprint=0603-RES New Footprint=0603-RES
Change Physical Footprint: Designator=S1 Old Footprint=Tact-SKHCBEA010 New Footprint=Tact-SKHCBEA010
Change Physical Footprint: Designator=U1 Old Footprint=SOIC8-127P600X175-8N New Footprint=SOIC8-127P600X175-8N
Change Physical Footprint: Designator=U2 Old Footprint=SOIC8-127P600X175-8N New Footprint=SOIC8-127P600X175-8N
Change Physical Footprint: Designator=U3 Old Footprint=SOIC8-127P600X175-8N New Footprint=SOIC8-127P600X175-8N
Change Physical Footprint: Designator=U4 Old Footprint=SOIC8-127P600X175-8N New Footprint=SOIC8-127P600X175-8N
Change Physical Footprint: Designator=U5 Old Footprint=SOIC8-127P600X175-8N New Footprint=SOIC8-127P600X175-8N
Change Physical Footprint: Designator=U6 Old Footprint=SOIC14-127P600X175-14N New Footprint=SOIC14-127P600X175-14N
Change Physical Footprint: Designator=U7 Old Footprint=SOIC14-127P600X175-14N New Footprint=SOIC14-127P600X175-14N
Change Physical Footprint: Designator=U8 Old Footprint=SOIC14-127P600X175-14N New Footprint=SOIC14-127P600X175-14N
Change Physical Footprint: Designator=U9 Old Footprint=DBV0005A_M New Footprint=DBV0005A_M
Change Physical Footprint: Designator=V1 Old Footprint=0402 COMPONENT New Footprint=0402 COMPONENT
Change Physical Footprint: Designator=V2 Old Footprint=0402 COMPONENT New Footprint=0402 COMPONENT
Change Physical Footprint: Designator=VR1 Old Footprint=LJV 9mm pot New Footprint=LJV 9mm pot
Change Physical Footprint: Designator=VR2 Old Footprint=LJV 9mm pot New Footprint=LJV 9mm pot
Change Physical Footprint: Designator=VR3 Old Footprint=LJV 9mm pot New Footprint=LJV 9mm pot
Change Physical Footprint: Designator=VR4 Old Footprint=LJV 9mm pot with switch New Footprint=LJV 9mm pot with switch
