Removed Parameter Design Item ID:Cap 0805 100nF 4 from Part C2
Removed Parameter Design Item ID:Cap 0805 100nF 4 from Part C3
Removed Parameter Design Item ID:Cap 0805 100nF 4 from Part C4
Removed Parameter Design Item ID:Cap 0805 100nF 4 from Part C5
Removed Parameter Design Item ID:Cap 0805 100nF 4 from Part C6
Removed Parameter Design Item ID:Cap 0805 100nF 4 from Part C7
Removed Parameter Design Item ID:Cap 0805 100nF 4 from Part C8
Removed Parameter Design Item ID:Cap 0805 100nF 4 from Part C9
Removed Parameter Design Item ID:Cap 0805 100nF 4 from Part C10
Removed Parameter Design Item ID:Cap 0805 100nF 4 from Part C11
Removed Parameter Design Item ID:Cap 0805 100nF 4 from Part C12
Removed Parameter Design Item ID:Cap 0805 100nF 4 from Part C13
Removed Parameter Design Item ID:Cap 0805 100nF 4 from Part C23
Removed Parameter Design Item ID:Cap 0805 100nF 4 from Part C24
Removed Parameter Design Item ID:Cap 0805 100nF 4 from Part C26
Removed Parameter Design Item ID:Cap 0805 100nF 4 from Part C27
Removed Parameter Design Item ID:Cap 0805 100nF 4 from Part C29
Removed Parameter Design Item ID:Cap 0805 100nF 4 from Part C30
Removed Parameter Fitted:Fitted from Part C2
Removed Parameter Fitted:Fitted from Part C3
Removed Parameter Fitted:Fitted from Part C4
Removed Parameter Fitted:Fitted from Part C5
Removed Parameter Fitted:Fitted from Part C6
Removed Parameter Fitted:Fitted from Part C7
Removed Parameter Fitted:Fitted from Part C8
Removed Parameter Fitted:Fitted from Part C9
Removed Parameter Fitted:Fitted from Part C10
Removed Parameter Fitted:Fitted from Part C11
Removed Parameter Fitted:Fitted from Part C12
Removed Parameter Fitted:Fitted from Part C13
Removed Parameter Fitted:Fitted from Part C23
Removed Parameter Fitted:Fitted from Part C24
Removed Parameter Fitted:Fitted from Part C26
Removed Parameter Fitted:Fitted from Part C27
Removed Parameter Fitted:Fitted from Part C29
Removed Parameter Fitted:Fitted from Part C30
Removed Parameter LatestRevisionDate:29-May-2009 from Part C2
Removed Parameter LatestRevisionDate:29-May-2009 from Part C3
Removed Parameter LatestRevisionDate:29-May-2009 from Part C4
Removed Parameter LatestRevisionDate:29-May-2009 from Part C5
Removed Parameter LatestRevisionDate:29-May-2009 from Part C6
Removed Parameter LatestRevisionDate:29-May-2009 from Part C7
Removed Parameter LatestRevisionDate:29-May-2009 from Part C8
Removed Parameter LatestRevisionDate:29-May-2009 from Part C9
Removed Parameter LatestRevisionDate:29-May-2009 from Part C10
Removed Parameter LatestRevisionDate:29-May-2009 from Part C11
Removed Parameter LatestRevisionDate:29-May-2009 from Part C12
Removed Parameter LatestRevisionDate:29-May-2009 from Part C13
Removed Parameter LatestRevisionDate:29-May-2009 from Part C23
Removed Parameter LatestRevisionDate:29-May-2009 from Part C24
Removed Parameter LatestRevisionDate:29-May-2009 from Part C26
Removed Parameter LatestRevisionDate:29-May-2009 from Part C27
Removed Parameter LatestRevisionDate:29-May-2009 from Part C29
Removed Parameter LatestRevisionDate:29-May-2009 from Part C30
Removed Parameter LatestRevisionNote:IPC-7351 Footprint Added. from Part C2
Removed Parameter LatestRevisionNote:IPC-7351 Footprint Added. from Part C3
Removed Parameter LatestRevisionNote:IPC-7351 Footprint Added. from Part C4
Removed Parameter LatestRevisionNote:IPC-7351 Footprint Added. from Part C5
Removed Parameter LatestRevisionNote:IPC-7351 Footprint Added. from Part C6
Removed Parameter LatestRevisionNote:IPC-7351 Footprint Added. from Part C7
Removed Parameter LatestRevisionNote:IPC-7351 Footprint Added. from Part C8
Removed Parameter LatestRevisionNote:IPC-7351 Footprint Added. from Part C9
Removed Parameter LatestRevisionNote:IPC-7351 Footprint Added. from Part C10
Removed Parameter LatestRevisionNote:IPC-7351 Footprint Added. from Part C11
Removed Parameter LatestRevisionNote:IPC-7351 Footprint Added. from Part C12
Removed Parameter LatestRevisionNote:IPC-7351 Footprint Added. from Part C13
Removed Parameter LatestRevisionNote:IPC-7351 Footprint Added. from Part C23
Removed Parameter LatestRevisionNote:IPC-7351 Footprint Added. from Part C24
Removed Parameter LatestRevisionNote:IPC-7351 Footprint Added. from Part C26
Removed Parameter LatestRevisionNote:IPC-7351 Footprint Added. from Part C27
Removed Parameter LatestRevisionNote:IPC-7351 Footprint Added. from Part C29
Removed Parameter LatestRevisionNote:IPC-7351 Footprint Added. from Part C30
Removed Parameter Mouser part:81-GRM31C5C1E104JA01 from Part C2
Removed Parameter Mouser part:81-GRM31C5C1E104JA01 from Part C3
Removed Parameter Mouser part:81-GRM31C5C1E104JA01 from Part C4
Removed Parameter Mouser part:81-GRM31C5C1E104JA01 from Part C5
Removed Parameter Mouser part:81-GRM31C5C1E104JA01 from Part C6
Removed Parameter Mouser part:81-GRM31C5C1E104JA01 from Part C7
Removed Parameter Mouser part:81-GRM31C5C1E104JA01 from Part C8
Removed Parameter Mouser part:81-GRM31C5C1E104JA01 from Part C9
Removed Parameter Mouser part:81-GRM31C5C1E104JA01 from Part C10
Removed Parameter Mouser part:81-GRM31C5C1E104JA01 from Part C11
Removed Parameter Mouser part:81-GRM31C5C1E104JA01 from Part C12
Removed Parameter Mouser part:81-GRM31C5C1E104JA01 from Part C13
Removed Parameter Mouser part:81-GRM31C5C1E104JA01 from Part C23
Removed Parameter Mouser part:81-GRM31C5C1E104JA01 from Part C24
Removed Parameter Mouser part:81-GRM31C5C1E104JA01 from Part C26
Removed Parameter Mouser part:81-GRM31C5C1E104JA01 from Part C27
Removed Parameter Mouser part:81-GRM31C5C1E104JA01 from Part C29
Removed Parameter Mouser part:81-GRM31C5C1E104JA01 from Part C30
Removed Parameter PackageDescription:Chip Capacitor from Part C2
Removed Parameter PackageDescription:Chip Capacitor from Part C3
Removed Parameter PackageDescription:Chip Capacitor from Part C4
Removed Parameter PackageDescription:Chip Capacitor from Part C5
Removed Parameter PackageDescription:Chip Capacitor from Part C6
Removed Parameter PackageDescription:Chip Capacitor from Part C7
Removed Parameter PackageDescription:Chip Capacitor from Part C8
Removed Parameter PackageDescription:Chip Capacitor from Part C9
Removed Parameter PackageDescription:Chip Capacitor from Part C10
Removed Parameter PackageDescription:Chip Capacitor from Part C11
Removed Parameter PackageDescription:Chip Capacitor from Part C12
Removed Parameter PackageDescription:Chip Capacitor from Part C13
Removed Parameter PackageDescription:Chip Capacitor from Part C23
Removed Parameter PackageDescription:Chip Capacitor from Part C24
Removed Parameter PackageDescription:Chip Capacitor from Part C26
Removed Parameter PackageDescription:Chip Capacitor from Part C27
Removed Parameter PackageDescription:Chip Capacitor from Part C29
Removed Parameter PackageDescription:Chip Capacitor from Part C30
Removed Parameter PackageReference:C1206 from Part C2
Removed Parameter PackageReference:C1206 from Part C3
Removed Parameter PackageReference:C1206 from Part C4
Removed Parameter PackageReference:C1206 from Part C5
Removed Parameter PackageReference:C1206 from Part C6
Removed Parameter PackageReference:C1206 from Part C7
Removed Parameter PackageReference:C1206 from Part C8
Removed Parameter PackageReference:C1206 from Part C9
Removed Parameter PackageReference:C1206 from Part C10
Removed Parameter PackageReference:C1206 from Part C11
Removed Parameter PackageReference:C1206 from Part C12
Removed Parameter PackageReference:C1206 from Part C13
Removed Parameter PackageReference:C1206 from Part C23
Removed Parameter PackageReference:C1206 from Part C24
Removed Parameter PackageReference:C1206 from Part C26
Removed Parameter PackageReference:C1206 from Part C27
Removed Parameter PackageReference:C1206 from Part C29
Removed Parameter PackageReference:C1206 from Part C30
Removed Parameter Published:8-Jun-2000 from Part C2
Removed Parameter Published:8-Jun-2000 from Part C3
Removed Parameter Published:8-Jun-2000 from Part C4
Removed Parameter Published:8-Jun-2000 from Part C5
Removed Parameter Published:8-Jun-2000 from Part C6
Removed Parameter Published:8-Jun-2000 from Part C7
Removed Parameter Published:8-Jun-2000 from Part C8
Removed Parameter Published:8-Jun-2000 from Part C9
Removed Parameter Published:8-Jun-2000 from Part C10
Removed Parameter Published:8-Jun-2000 from Part C11
Removed Parameter Published:8-Jun-2000 from Part C12
Removed Parameter Published:8-Jun-2000 from Part C13
Removed Parameter Published:8-Jun-2000 from Part C23
Removed Parameter Published:8-Jun-2000 from Part C24
Removed Parameter Published:8-Jun-2000 from Part C26
Removed Parameter Published:8-Jun-2000 from Part C27
Removed Parameter Published:8-Jun-2000 from Part C29
Removed Parameter Published:8-Jun-2000 from Part C30
Removed Parameter Publisher:Altium Limited from Part C2
Removed Parameter Publisher:Altium Limited from Part C3
Removed Parameter Publisher:Altium Limited from Part C4
Removed Parameter Publisher:Altium Limited from Part C5
Removed Parameter Publisher:Altium Limited from Part C6
Removed Parameter Publisher:Altium Limited from Part C7
Removed Parameter Publisher:Altium Limited from Part C8
Removed Parameter Publisher:Altium Limited from Part C9
Removed Parameter Publisher:Altium Limited from Part C10
Removed Parameter Publisher:Altium Limited from Part C11
Removed Parameter Publisher:Altium Limited from Part C12
Removed Parameter Publisher:Altium Limited from Part C13
Removed Parameter Publisher:Altium Limited from Part C23
Removed Parameter Publisher:Altium Limited from Part C24
Removed Parameter Publisher:Altium Limited from Part C26
Removed Parameter Publisher:Altium Limited from Part C27
Removed Parameter Publisher:Altium Limited from Part C29
Removed Parameter Publisher:Altium Limited from Part C30
Removed Parameter Source:main.SchLib from Part C2
Removed Parameter Source:main.SchLib from Part C3
Removed Parameter Source:main.SchLib from Part C4
Removed Parameter Source:main.SchLib from Part C5
Removed Parameter Source:main.SchLib from Part C6
Removed Parameter Source:main.SchLib from Part C7
Removed Parameter Source:main.SchLib from Part C8
Removed Parameter Source:main.SchLib from Part C9
Removed Parameter Source:main.SchLib from Part C10
Removed Parameter Source:main.SchLib from Part C11
Removed Parameter Source:main.SchLib from Part C12
Removed Parameter Source:main.SchLib from Part C13
Removed Parameter Source:main.SchLib from Part C23
Removed Parameter Source:main.SchLib from Part C24
Removed Parameter Source:main.SchLib from Part C26
Removed Parameter Source:main.SchLib from Part C27
Removed Parameter Source:main.SchLib from Part C29
Removed Parameter Source:main.SchLib from Part C30
Removed Parameter Value:100n from Part C2
Removed Parameter Value:100n from Part C3
Removed Parameter Value:100n from Part C4
Removed Parameter Value:100n from Part C5
Removed Parameter Value:100n from Part C6
Removed Parameter Value:100n from Part C7
Removed Parameter Value:100n from Part C8
Removed Parameter Value:100n from Part C9
Removed Parameter Value:100n from Part C10
Removed Parameter Value:100n from Part C11
Removed Parameter Value:100n from Part C12
Removed Parameter Value:100n from Part C13
Removed Parameter Value:100n from Part C23
Removed Parameter Value:100n from Part C24
Removed Parameter Value:100n from Part C26
Removed Parameter Value:100n from Part C27
Removed Parameter Value:100n from Part C29
Removed Parameter Value:100n from Part C30
Added Parameter Capacitance=100nF to Part C2
Added Parameter Capacitance=100nF to Part C3
Added Parameter Capacitance=100nF to Part C4
Added Parameter Capacitance=100nF to Part C5
Added Parameter Capacitance=100nF to Part C6
Added Parameter Capacitance=100nF to Part C7
Added Parameter Capacitance=100nF to Part C8
Added Parameter Capacitance=100nF to Part C9
Added Parameter Capacitance=100nF to Part C10
Added Parameter Capacitance=100nF to Part C11
Added Parameter Capacitance=100nF to Part C12
Added Parameter Capacitance=100nF to Part C13
Added Parameter Capacitance=100nF to Part C23
Added Parameter Capacitance=100nF to Part C24
Added Parameter Capacitance=100nF to Part C26
Added Parameter Capacitance=100nF to Part C27
Added Parameter Capacitance=100nF to Part C29
Added Parameter Capacitance=100nF to Part C30
Added Parameter Dielectric=X7R to Part C2
Added Parameter Dielectric=X7R to Part C3
Added Parameter Dielectric=X7R to Part C4
Added Parameter Dielectric=X7R to Part C5
Added Parameter Dielectric=X7R to Part C6
Added Parameter Dielectric=X7R to Part C7
Added Parameter Dielectric=X7R to Part C8
Added Parameter Dielectric=X7R to Part C9
Added Parameter Dielectric=X7R to Part C10
Added Parameter Dielectric=X7R to Part C11
Added Parameter Dielectric=X7R to Part C12
Added Parameter Dielectric=X7R to Part C13
Added Parameter Dielectric=X7R to Part C23
Added Parameter Dielectric=X7R to Part C24
Added Parameter Dielectric=X7R to Part C26
Added Parameter Dielectric=X7R to Part C27
Added Parameter Dielectric=X7R to Part C29
Added Parameter Dielectric=X7R to Part C30
Added Parameter Height=900µm to Part C2
Added Parameter Height=900µm to Part C3
Added Parameter Height=900µm to Part C4
Added Parameter Height=900µm to Part C5
Added Parameter Height=900µm to Part C6
Added Parameter Height=900µm to Part C7
Added Parameter Height=900µm to Part C8
Added Parameter Height=900µm to Part C9
Added Parameter Height=900µm to Part C10
Added Parameter Height=900µm to Part C11
Added Parameter Height=900µm to Part C12
Added Parameter Height=900µm to Part C13
Added Parameter Height=900µm to Part C23
Added Parameter Height=900µm to Part C24
Added Parameter Height=900µm to Part C26
Added Parameter Height=900µm to Part C27
Added Parameter Height=900µm to Part C29
Added Parameter Height=900µm to Part C30
Added Parameter Maximum operating temperature=125°C to Part C2
Added Parameter Maximum operating temperature=125°C to Part C3
Added Parameter Maximum operating temperature=125°C to Part C4
Added Parameter Maximum operating temperature=125°C to Part C5
Added Parameter Maximum operating temperature=125°C to Part C6
Added Parameter Maximum operating temperature=125°C to Part C7
Added Parameter Maximum operating temperature=125°C to Part C8
Added Parameter Maximum operating temperature=125°C to Part C9
Added Parameter Maximum operating temperature=125°C to Part C10
Added Parameter Maximum operating temperature=125°C to Part C11
Added Parameter Maximum operating temperature=125°C to Part C12
Added Parameter Maximum operating temperature=125°C to Part C13
Added Parameter Maximum operating temperature=125°C to Part C23
Added Parameter Maximum operating temperature=125°C to Part C24
Added Parameter Maximum operating temperature=125°C to Part C26
Added Parameter Maximum operating temperature=125°C to Part C27
Added Parameter Maximum operating temperature=125°C to Part C29
Added Parameter Maximum operating temperature=125°C to Part C30
Added Parameter Rated Voltage=50V to Part C2
Added Parameter Rated Voltage=50V to Part C3
Added Parameter Rated Voltage=50V to Part C4
Added Parameter Rated Voltage=50V to Part C5
Added Parameter Rated Voltage=50V to Part C6
Added Parameter Rated Voltage=50V to Part C7
Added Parameter Rated Voltage=50V to Part C8
Added Parameter Rated Voltage=50V to Part C9
Added Parameter Rated Voltage=50V to Part C10
Added Parameter Rated Voltage=50V to Part C11
Added Parameter Rated Voltage=50V to Part C12
Added Parameter Rated Voltage=50V to Part C13
Added Parameter Rated Voltage=50V to Part C23
Added Parameter Rated Voltage=50V to Part C24
Added Parameter Rated Voltage=50V to Part C26
Added Parameter Rated Voltage=50V to Part C27
Added Parameter Rated Voltage=50V to Part C29
Added Parameter Rated Voltage=50V to Part C30
Added Parameter Size (Imperial)=0603 to Part C2
Added Parameter Size (Imperial)=0603 to Part C3
Added Parameter Size (Imperial)=0603 to Part C4
Added Parameter Size (Imperial)=0603 to Part C5
Added Parameter Size (Imperial)=0603 to Part C6
Added Parameter Size (Imperial)=0603 to Part C7
Added Parameter Size (Imperial)=0603 to Part C8
Added Parameter Size (Imperial)=0603 to Part C9
Added Parameter Size (Imperial)=0603 to Part C10
Added Parameter Size (Imperial)=0603 to Part C11
Added Parameter Size (Imperial)=0603 to Part C12
Added Parameter Size (Imperial)=0603 to Part C13
Added Parameter Size (Imperial)=0603 to Part C23
Added Parameter Size (Imperial)=0603 to Part C24
Added Parameter Size (Imperial)=0603 to Part C26
Added Parameter Size (Imperial)=0603 to Part C27
Added Parameter Size (Imperial)=0603 to Part C29
Added Parameter Size (Imperial)=0603 to Part C30
Added Parameter Tolerance (+-)=10% to Part C2
Added Parameter Tolerance (+-)=10% to Part C3
Added Parameter Tolerance (+-)=10% to Part C4
Added Parameter Tolerance (+-)=10% to Part C5
Added Parameter Tolerance (+-)=10% to Part C6
Added Parameter Tolerance (+-)=10% to Part C7
Added Parameter Tolerance (+-)=10% to Part C8
Added Parameter Tolerance (+-)=10% to Part C9
Added Parameter Tolerance (+-)=10% to Part C10
Added Parameter Tolerance (+-)=10% to Part C11
Added Parameter Tolerance (+-)=10% to Part C12
Added Parameter Tolerance (+-)=10% to Part C13
Added Parameter Tolerance (+-)=10% to Part C23
Added Parameter Tolerance (+-)=10% to Part C24
Added Parameter Tolerance (+-)=10% to Part C26
Added Parameter Tolerance (+-)=10% to Part C27
Added Parameter Tolerance (+-)=10% to Part C29
Added Parameter Tolerance (+-)=10% to Part C30
Update Managed Component C2 From CMP-04109-3[Cap 0805 100nF 4] To CMP-04109-3[Cap 100nF 0603 X7R] in Optical Compressor V2.SchDoc
Update Managed Component C3 From CMP-04109-3[Cap 0805 100nF 4] To CMP-04109-3[Cap 100nF 0603 X7R] in Optical Compressor V2.SchDoc
Update Managed Component C4 From CMP-04109-3[Cap 0805 100nF 4] To CMP-04109-3[Cap 100nF 0603 X7R] in Optical Compressor V2.SchDoc
Update Managed Component C5 From CMP-04109-3[Cap 0805 100nF 4] To CMP-04109-3[Cap 100nF 0603 X7R] in Optical Compressor V2.SchDoc
Update Managed Component C6 From CMP-04109-3[Cap 0805 100nF 4] To CMP-04109-3[Cap 100nF 0603 X7R] in Optical Compressor V2.SchDoc
Update Managed Component C7 From CMP-04109-3[Cap 0805 100nF 4] To CMP-04109-3[Cap 100nF 0603 X7R] in Optical Compressor V2.SchDoc
Update Managed Component C8 From CMP-04109-3[Cap 0805 100nF 4] To CMP-04109-3[Cap 100nF 0603 X7R] in Optical Compressor V2.SchDoc
Update Managed Component C9 From CMP-04109-3[Cap 0805 100nF 4] To CMP-04109-3[Cap 100nF 0603 X7R] in Optical Compressor V2.SchDoc
Update Managed Component C10 From CMP-04109-3[Cap 0805 100nF 4] To CMP-04109-3[Cap 100nF 0603 X7R] in Optical Compressor V2.SchDoc
Update Managed Component C11 From CMP-04109-3[Cap 0805 100nF 4] To CMP-04109-3[Cap 100nF 0603 X7R] in Optical Compressor V2.SchDoc
Update Managed Component C12 From CMP-04109-3[Cap 0805 100nF 4] To CMP-04109-3[Cap 100nF 0603 X7R] in Optical Compressor V2.SchDoc
Update Managed Component C13 From CMP-04109-3[Cap 0805 100nF 4] To CMP-04109-3[Cap 100nF 0603 X7R] in Optical Compressor V2.SchDoc
Update Managed Component C23 From CMP-04109-3[Cap 0805 100nF 4] To CMP-04109-3[Cap 100nF 0603 X7R] in Optical Compressor V2.SchDoc
Update Managed Component C24 From CMP-04109-3[Cap 0805 100nF 4] To CMP-04109-3[Cap 100nF 0603 X7R] in Optical Compressor V2.SchDoc
Update Managed Component C26 From CMP-04109-3[Cap 0805 100nF 4] To CMP-04109-3[Cap 100nF 0603 X7R] in Optical Compressor V2.SchDoc
Update Managed Component C27 From CMP-04109-3[Cap 0805 100nF 4] To CMP-04109-3[Cap 100nF 0603 X7R] in Optical Compressor V2.SchDoc
Update Managed Component C29 From CMP-04109-3[Cap 0805 100nF 4] To CMP-04109-3[Cap 100nF 0603 X7R] in Optical Compressor V2.SchDoc
Update Managed Component C30 From CMP-04109-3[Cap 0805 100nF 4] To CMP-04109-3[Cap 100nF 0603 X7R] in Optical Compressor V2.SchDoc
